This is pdfTeX, Version 3.14159265-2.6-1.40.18 (TeX Live 2017/Debian) (preloaded format=pdflatex 2019.3.3)  23 APR 2020 23:20
entering extended mode
 restricted \write18 enabled.
 %&-line parsing enabled.
**aula11.tex
(./aula11.tex
LaTeX2e <2017-04-15>
Babel <3.18> and hyphenation patterns for 84 language(s) loaded.
(/usr/share/texlive/texmf-dist/tex/latex/base/slides.cls
Document Class: slides 2016/03/29 v2.4a Standard LaTeX document class
(/usr/share/texlive/texmf-dist/tex/latex/base/slides.def
File: slides.def 2016/03/29 v2.4a SLiTeX definitions
 hacks, slides,
\c@page=\count79

picture, mods,
\@smashboxa=\box26
\@smashboxb=\box27
\@smashboxc=\box28
 output, init)
(/usr/share/texlive/texmf-dist/tex/latex/base/sfonts.def
File: sfonts.def 1998/06/12 v2.2e Standard LaTeX slide font definitions

(/usr/share/texlive/texmf-dist/tex/latex/base/ot1lcmss.fd
File: ot1lcmss.fd 1998/06/12 v2.2e Standard LaTeX slide font definitions
))
\c@minutes=\count80
\c@seconds=\count81
\c@mv@invisible=\count82
LaTeX Font Info:    Overwriting symbol font `operators' in version `normal'
(Font)                  OT1/cmr/m/n --> OT1/lcmss/m/n on input line 359.
LaTeX Font Info:    Overwriting symbol font `letters' in version `normal'
(Font)                  OML/cmm/m/it --> OML/lcmm/m/it on input line 362.
LaTeX Font Info:    Overwriting symbol font `symbols' in version `normal'
(Font)                  OMS/cmsy/m/n --> OMS/lcmsy/m/n on input line 364.
LaTeX Font Info:    Overwriting symbol font `largesymbols' in version `normal'
(Font)                  OMX/cmex/m/n --> OMX/lcmex/m/n on input line 366.
LaTeX Font Info:    Overwriting symbol font `operators' in version `invisible'
(Font)                  OT1/cmr/m/n --> OT1/lcmss/m/In on input line 369.
LaTeX Font Info:    Overwriting symbol font `letters' in version `invisible'
(Font)                  OML/cmm/m/it --> OML/lcmm/m/Iit on input line 371.
LaTeX Font Info:    Overwriting symbol font `symbols' in version `invisible'
(Font)                  OMS/cmsy/m/n --> OMS/lcmsy/m/In on input line 373.
LaTeX Font Info:    Overwriting symbol font `largesymbols' in version `invisibl
e'
(Font)                  OMX/cmex/m/n --> OMX/lcmex/m/In on input line 375.
)
(/usr/share/texlive/texmf-dist/tex/generic/babel/babel.sty
Package: babel 2018/02/14 3.18 The Babel package

(/usr/share/texlive/texmf-dist/tex/generic/babel/switch.def
File: switch.def 2018/02/14 3.18 Babel switching mechanism
)
(/usr/share/texlive/texmf-dist/tex/generic/babel-portuges/portuges.ldf
Language: portuges 2008/03/18 v1.2q Portuguese support from the babel system

(/usr/share/texlive/texmf-dist/tex/generic/babel/babel.def
File: babel.def 2018/02/14 3.18 Babel common definitions
\babel@savecnt=\count83
\U@D=\dimen102

(/usr/share/texlive/texmf-dist/tex/generic/babel/txtbabel.def)
\bbl@dirlevel=\count84
)
\l@brazil = a dialect from \language\l@portuges 
Package babel Info: Making " an active character on input line 145.
))
(/usr/share/texlive/texmf-dist/tex/latex/base/inputenc.sty
Package: inputenc 2015/03/17 v1.2c Input encoding file
\inpenc@prehook=\toks14
\inpenc@posthook=\toks15

(/usr/share/texlive/texmf-dist/tex/latex/base/latin1.def
File: latin1.def 2015/03/17 v1.2c Input encoding file
))
(/usr/share/texlive/texmf-dist/tex/latex/base/textcomp.sty
Package: textcomp 2017/04/05 v2.0i Standard LaTeX package
Package textcomp Info: Sub-encoding information:
(textcomp)               5 = only ISO-Adobe without \textcurrency
(textcomp)               4 = 5 + \texteuro
(textcomp)               3 = 4 + \textohm
(textcomp)               2 = 3 + \textestimated + \textcurrency
(textcomp)               1 = TS1 - \textcircled - \t
(textcomp)               0 = TS1 (full)
(textcomp)             Font families with sub-encoding setting implement
(textcomp)             only a restricted character set as indicated.
(textcomp)             Family '?' is the default used for unknown fonts.
(textcomp)             See the documentation for details.
Package textcomp Info: Setting ? sub-encoding to TS1/1 on input line 79.

(/usr/share/texlive/texmf-dist/tex/latex/base/ts1enc.def
File: ts1enc.def 2001/06/05 v3.0e (jk/car/fm) Standard LaTeX file
)
LaTeX Info: Redefining \oldstylenums on input line 334.
Package textcomp Info: Setting cmr sub-encoding to TS1/0 on input line 349.
Package textcomp Info: Setting cmss sub-encoding to TS1/0 on input line 350.
Package textcomp Info: Setting cmtt sub-encoding to TS1/0 on input line 351.
Package textcomp Info: Setting cmvtt sub-encoding to TS1/0 on input line 352.
Package textcomp Info: Setting cmbr sub-encoding to TS1/0 on input line 353.
Package textcomp Info: Setting cmtl sub-encoding to TS1/0 on input line 354.
Package textcomp Info: Setting ccr sub-encoding to TS1/0 on input line 355.
Package textcomp Info: Setting ptm sub-encoding to TS1/4 on input line 356.
Package textcomp Info: Setting pcr sub-encoding to TS1/4 on input line 357.
Package textcomp Info: Setting phv sub-encoding to TS1/4 on input line 358.
Package textcomp Info: Setting ppl sub-encoding to TS1/3 on input line 359.
Package textcomp Info: Setting pag sub-encoding to TS1/4 on input line 360.
Package textcomp Info: Setting pbk sub-encoding to TS1/4 on input line 361.
Package textcomp Info: Setting pnc sub-encoding to TS1/4 on input line 362.
Package textcomp Info: Setting pzc sub-encoding to TS1/4 on input line 363.
Package textcomp Info: Setting bch sub-encoding to TS1/4 on input line 364.
Package textcomp Info: Setting put sub-encoding to TS1/5 on input line 365.
Package textcomp Info: Setting uag sub-encoding to TS1/5 on input line 366.
Package textcomp Info: Setting ugq sub-encoding to TS1/5 on input line 367.
Package textcomp Info: Setting ul8 sub-encoding to TS1/4 on input line 368.
Package textcomp Info: Setting ul9 sub-encoding to TS1/4 on input line 369.
Package textcomp Info: Setting augie sub-encoding to TS1/5 on input line 370.
Package textcomp Info: Setting dayrom sub-encoding to TS1/3 on input line 371.
Package textcomp Info: Setting dayroms sub-encoding to TS1/3 on input line 372.

Package textcomp Info: Setting pxr sub-encoding to TS1/0 on input line 373.
Package textcomp Info: Setting pxss sub-encoding to TS1/0 on input line 374.
Package textcomp Info: Setting pxtt sub-encoding to TS1/0 on input line 375.
Package textcomp Info: Setting txr sub-encoding to TS1/0 on input line 376.
Package textcomp Info: Setting txss sub-encoding to TS1/0 on input line 377.
Package textcomp Info: Setting txtt sub-encoding to TS1/0 on input line 378.
Package textcomp Info: Setting lmr sub-encoding to TS1/0 on input line 379.
Package textcomp Info: Setting lmdh sub-encoding to TS1/0 on input line 380.
Package textcomp Info: Setting lmss sub-encoding to TS1/0 on input line 381.
Package textcomp Info: Setting lmssq sub-encoding to TS1/0 on input line 382.
Package textcomp Info: Setting lmvtt sub-encoding to TS1/0 on input line 383.
Package textcomp Info: Setting lmtt sub-encoding to TS1/0 on input line 384.
Package textcomp Info: Setting qhv sub-encoding to TS1/0 on input line 385.
Package textcomp Info: Setting qag sub-encoding to TS1/0 on input line 386.
Package textcomp Info: Setting qbk sub-encoding to TS1/0 on input line 387.
Package textcomp Info: Setting qcr sub-encoding to TS1/0 on input line 388.
Package textcomp Info: Setting qcs sub-encoding to TS1/0 on input line 389.
Package textcomp Info: Setting qpl sub-encoding to TS1/0 on input line 390.
Package textcomp Info: Setting qtm sub-encoding to TS1/0 on input line 391.
Package textcomp Info: Setting qzc sub-encoding to TS1/0 on input line 392.
Package textcomp Info: Setting qhvc sub-encoding to TS1/0 on input line 393.
Package textcomp Info: Setting futs sub-encoding to TS1/4 on input line 394.
Package textcomp Info: Setting futx sub-encoding to TS1/4 on input line 395.
Package textcomp Info: Setting futj sub-encoding to TS1/4 on input line 396.
Package textcomp Info: Setting hlh sub-encoding to TS1/3 on input line 397.
Package textcomp Info: Setting hls sub-encoding to TS1/3 on input line 398.
Package textcomp Info: Setting hlst sub-encoding to TS1/3 on input line 399.
Package textcomp Info: Setting hlct sub-encoding to TS1/5 on input line 400.
Package textcomp Info: Setting hlx sub-encoding to TS1/5 on input line 401.
Package textcomp Info: Setting hlce sub-encoding to TS1/5 on input line 402.
Package textcomp Info: Setting hlcn sub-encoding to TS1/5 on input line 403.
Package textcomp Info: Setting hlcw sub-encoding to TS1/5 on input line 404.
Package textcomp Info: Setting hlcf sub-encoding to TS1/5 on input line 405.
Package textcomp Info: Setting pplx sub-encoding to TS1/3 on input line 406.
Package textcomp Info: Setting pplj sub-encoding to TS1/3 on input line 407.
Package textcomp Info: Setting ptmx sub-encoding to TS1/4 on input line 408.
Package textcomp Info: Setting ptmj sub-encoding to TS1/4 on input line 409.
)
(/usr/share/texlive/texmf-dist/tex/latex/base/fontenc.sty
Package: fontenc 2017/04/05 v2.0i Standard LaTeX package

(/usr/share/texlive/texmf-dist/tex/latex/base/t1enc.def
File: t1enc.def 2017/04/05 v2.0i Standard LaTeX file
LaTeX Font Info:    Redeclaring font encoding T1 on input line 48.
)
LaTeX Font Info:    Try loading font information for T1+lcmss on input line 105
.

(/usr/share/texlive/texmf-dist/tex/latex/base/t1lcmss.fd
File: t1lcmss.fd 1998/06/12 v2.2e Standard LaTeX slide font definitions
))
(/usr/share/texlive/texmf-dist/tex/latex/multirow/multirow.sty
Package: multirow 2016/11/25 v2.2 Span multiple rows of a table
\multirow@colwidth=\skip41
\multirow@cntb=\count85
\multirow@dima=\skip42
\bigstrutjot=\dimen103
)
(/usr/share/texlive/texmf-dist/tex/latex/graphics/graphicx.sty
Package: graphicx 2017/06/01 v1.1a Enhanced LaTeX Graphics (DPC,SPQR)

(/usr/share/texlive/texmf-dist/tex/latex/graphics/keyval.sty
Package: keyval 2014/10/28 v1.15 key=value parser (DPC)
\KV@toks@=\toks16
)
(/usr/share/texlive/texmf-dist/tex/latex/graphics/graphics.sty
Package: graphics 2017/06/25 v1.2c Standard LaTeX Graphics (DPC,SPQR)

(/usr/share/texlive/texmf-dist/tex/latex/graphics/trig.sty
Package: trig 2016/01/03 v1.10 sin cos tan (DPC)
)
(/usr/share/texlive/texmf-dist/tex/latex/graphics-cfg/graphics.cfg
File: graphics.cfg 2016/06/04 v1.11 sample graphics configuration
)
Package graphics Info: Driver file: pdftex.def on input line 99.

(/usr/share/texlive/texmf-dist/tex/latex/graphics-def/pdftex.def
File: pdftex.def 2018/01/08 v1.0l Graphics/color driver for pdftex
))
\Gin@req@height=\dimen104
\Gin@req@width=\dimen105
)
(/usr/share/texlive/texmf-dist/tex/latex/float/float.sty
Package: float 2001/11/08 v1.3d Float enhancements (AL)
\c@float@type=\count86
\float@exts=\toks17
\float@box=\box29
\@float@everytoks=\toks18
\@floatcapt=\box30
)
(/usr/share/texlive/texmf-dist/tex/latex/oberdiek/epstopdf.sty
Package: epstopdf 2016/05/15 v2.6 Conversion with epstopdf on the fly (HO)

(/usr/share/texlive/texmf-dist/tex/latex/oberdiek/epstopdf-base.sty
Package: epstopdf-base 2016/05/15 v2.6 Base part for package epstopdf

(/usr/share/texlive/texmf-dist/tex/generic/oberdiek/infwarerr.sty
Package: infwarerr 2016/05/16 v1.4 Providing info/warning/error messages (HO)
)
(/usr/share/texlive/texmf-dist/tex/latex/oberdiek/grfext.sty
Package: grfext 2016/05/16 v1.2 Manage graphics extensions (HO)

(/usr/share/texlive/texmf-dist/tex/generic/oberdiek/kvdefinekeys.sty
Package: kvdefinekeys 2016/05/16 v1.4 Define keys (HO)

(/usr/share/texlive/texmf-dist/tex/generic/oberdiek/ltxcmds.sty
Package: ltxcmds 2016/05/16 v1.23 LaTeX kernel commands for general use (HO)
)))
(/usr/share/texlive/texmf-dist/tex/latex/oberdiek/kvoptions.sty
Package: kvoptions 2016/05/16 v3.12 Key value format for package options (HO)

(/usr/share/texlive/texmf-dist/tex/generic/oberdiek/kvsetkeys.sty
Package: kvsetkeys 2016/05/16 v1.17 Key value parser (HO)

(/usr/share/texlive/texmf-dist/tex/generic/oberdiek/etexcmds.sty
Package: etexcmds 2016/05/16 v1.6 Avoid name clashes with e-TeX commands (HO)

(/usr/share/texlive/texmf-dist/tex/generic/oberdiek/ifluatex.sty
Package: ifluatex 2016/05/16 v1.4 Provides the ifluatex switch (HO)
Package ifluatex Info: LuaTeX not detected.
)
Package etexcmds Info: Could not find \expanded.
(etexcmds)             That can mean that you are not using pdfTeX 1.50 or
(etexcmds)             that some package has redefined \expanded.
(etexcmds)             In the latter case, load this package earlier.
)))
(/usr/share/texlive/texmf-dist/tex/generic/oberdiek/pdftexcmds.sty
Package: pdftexcmds 2018/01/21 v0.26 Utility functions of pdfTeX for LuaTeX (HO
)

(/usr/share/texlive/texmf-dist/tex/generic/oberdiek/ifpdf.sty
Package: ifpdf 2017/03/15 v3.2 Provides the ifpdf switch
)
Package pdftexcmds Info: LuaTeX not detected.
Package pdftexcmds Info: \pdf@primitive is available.
Package pdftexcmds Info: \pdf@ifprimitive is available.
Package pdftexcmds Info: \pdfdraftmode found.
)
Package epstopdf-base Info: Redefining graphics rule for `.eps' on input line 4
38.
Package grfext Info: Graphics extension search list:
(grfext)             [.pdf,.png,.jpg,.mps,.jpeg,.jbig2,.jb2,.PDF,.PNG,.JPG,.JPE
G,.JBIG2,.JB2,.eps]
(grfext)             \AppendGraphicsExtensions on input line 456.

(/usr/share/texlive/texmf-dist/tex/latex/latexconfig/epstopdf-sys.cfg
File: epstopdf-sys.cfg 2010/07/13 v1.3 Configuration of (r)epstopdf for TeX Liv
e
)))
(/usr/share/texlive/texmf-dist/tex/latex/psfrag/psfrag.sty
Package: psfrag 1998/04/11 v3.04 PSfrag (MCG)
\pfg@pcount=\count87
\pfg@scount=\count88
\pfg@temp=\write3
)
(/usr/share/texlive/texmf-dist/tex/latex/xcolor/xcolor.sty
Package: xcolor 2016/05/11 v2.12 LaTeX color extensions (UK)

(/usr/share/texlive/texmf-dist/tex/latex/graphics-cfg/color.cfg
File: color.cfg 2016/01/02 v1.6 sample color configuration
)
Package xcolor Info: Driver file: pdftex.def on input line 225.

(/usr/share/texlive/texmf-dist/tex/latex/colortbl/colortbl.sty
Package: colortbl 2012/02/13 v1.0a Color table columns (DPC)

(/usr/share/texlive/texmf-dist/tex/latex/tools/array.sty
Package: array 2016/10/06 v2.4d Tabular extension package (FMi)
\col@sep=\dimen106
\extrarowheight=\dimen107
\NC@list=\toks19
\extratabsurround=\skip43
\backup@length=\skip44
)
\everycr=\toks20
\minrowclearance=\skip45
)
\rownum=\count89
Package xcolor Info: Model `cmy' substituted by `cmy0' on input line 1348.
Package xcolor Info: Model `hsb' substituted by `rgb' on input line 1352.
Package xcolor Info: Model `RGB' extended on input line 1364.
Package xcolor Info: Model `HTML' substituted by `rgb' on input line 1366.
Package xcolor Info: Model `Hsb' substituted by `hsb' on input line 1367.
Package xcolor Info: Model `tHsb' substituted by `hsb' on input line 1368.
Package xcolor Info: Model `HSB' substituted by `hsb' on input line 1369.
Package xcolor Info: Model `Gray' substituted by `gray' on input line 1370.
Package xcolor Info: Model `wave' substituted by `hsb' on input line 1371.
)
(/usr/share/texlive/texmf-dist/tex/latex/tools/multicol.sty
Package: multicol 2017/04/11 v1.8q multicolumn formatting (FMi)
\c@tracingmulticols=\count90
\mult@box=\box31
\multicol@leftmargin=\dimen108
\c@unbalance=\count91
\c@collectmore=\count92
\doublecol@number=\count93
\multicoltolerance=\count94
\multicolpretolerance=\count95
\full@width=\dimen109
\page@free=\dimen110
\premulticols=\dimen111
\postmulticols=\dimen112
\multicolsep=\skip46
\multicolbaselineskip=\skip47
\partial@page=\box32
\last@line=\box33
\maxbalancingoverflow=\dimen113
\mult@rightbox=\box34
\mult@grightbox=\box35
\mult@gfirstbox=\box36
\mult@firstbox=\box37
\@tempa=\box38
\@tempa=\box39
\@tempa=\box40
\@tempa=\box41
\@tempa=\box42
\@tempa=\box43
\@tempa=\box44
\@tempa=\box45
\@tempa=\box46
\@tempa=\box47
\@tempa=\box48
\@tempa=\box49
\@tempa=\box50
\@tempa=\box51
\@tempa=\box52
\@tempa=\box53
\@tempa=\box54
\c@columnbadness=\count96
\c@finalcolumnbadness=\count97
\last@try=\dimen114
\multicolovershoot=\dimen115
\multicolundershoot=\dimen116
\mult@nat@firstbox=\box55
\colbreak@box=\box56
\mc@col@check@num=\count98
) (./clrscode.sty
Package: clrscode 2007/03/29 v1.7 format pseudocode

(/usr/share/texlive/texmf-dist/tex/latex/base/latexsym.sty
Package: latexsym 1998/08/17 v2.2e Standard LaTeX package (lasy symbols)
\symlasy=\mathgroup4
LaTeX Font Info:    Overwriting symbol font `lasy' in version `bold'
(Font)                  U/lasy/m/n --> U/lasy/b/n on input line 52.
)
\c@codelinenumber=\count99
\c@indent=\count100
\digitwidth=\skip48
\savecode=\box57
\codeboxwidth=\skip49
\c@thisindent=\count101
)
(/usr/share/texlive/texmf-dist/tex/latex/tools/tabularx.sty
Package: tabularx 2016/02/03 v2.11 `tabularx' package (DPC)
\TX@col@width=\dimen117
\TX@old@table=\dimen118
\TX@old@col=\dimen119
\TX@target=\dimen120
\TX@delta=\dimen121
\TX@cols=\count102
\TX@ftn=\toks21
) (./shi.sty

LaTeX Warning: You have requested package `shi',
               but the package provides `aszfolie'.

Package: aszfolie 
(/usr/share/texlive/texmf-dist/tex/latex/tools/calc.sty
Package: calc 2014/10/28 v4.3 Infix arithmetic (KKT,FJ)
\calc@Acount=\count103
\calc@Bcount=\count104
\calc@Adimen=\dimen122
\calc@Bdimen=\dimen123
\calc@Askip=\skip50
\calc@Bskip=\skip51
LaTeX Info: Redefining \setlength on input line 80.
LaTeX Info: Redefining \addtolength on input line 81.
\calc@Ccount=\count105
\calc@Cskip=\skip52
)
(/usr/share/texlive/texmf-dist/tex/latex/base/ifthen.sty
Package: ifthen 2014/09/29 v1.1c Standard LaTeX ifthen package (DPC)
)
\asz@logo=\box58
\slidetitleskip=\skip53
)
(/usr/share/texlive/texmf-dist/tex/latex/amsmath/amsmath.sty
Package: amsmath 2017/09/02 v2.17a AMS math features
\@mathmargin=\skip54

For additional information on amsmath, use the `?' option.
(/usr/share/texlive/texmf-dist/tex/latex/amsmath/amstext.sty
Package: amstext 2000/06/29 v2.01 AMS text

(/usr/share/texlive/texmf-dist/tex/latex/amsmath/amsgen.sty
File: amsgen.sty 1999/11/30 v2.0 generic functions
\@emptytoks=\toks22
\ex@=\dimen124
))
(/usr/share/texlive/texmf-dist/tex/latex/amsmath/amsbsy.sty
Package: amsbsy 1999/11/29 v1.2d Bold Symbols
\pmbraise@=\dimen125
)
(/usr/share/texlive/texmf-dist/tex/latex/amsmath/amsopn.sty
Package: amsopn 2016/03/08 v2.02 operator names
)
\inf@bad=\count106
LaTeX Info: Redefining \frac on input line 213.
\uproot@=\count107
\leftroot@=\count108
LaTeX Info: Redefining \overline on input line 375.
\classnum@=\count109
\DOTSCASE@=\count110
LaTeX Info: Redefining \ldots on input line 472.
LaTeX Info: Redefining \dots on input line 475.
LaTeX Info: Redefining \cdots on input line 596.
\Mathstrutbox@=\box59
\strutbox@=\box60
\big@size=\dimen126
LaTeX Font Info:    Redeclaring font encoding OML on input line 712.
LaTeX Font Info:    Redeclaring font encoding OMS on input line 713.
\macc@depth=\count111
\c@MaxMatrixCols=\count112
\dotsspace@=\muskip10
\c@parentequation=\count113
\dspbrk@lvl=\count114
\tag@help=\toks23
\row@=\count115
\column@=\count116
\maxfields@=\count117
\andhelp@=\toks24
\eqnshift@=\dimen127
\alignsep@=\dimen128
\tagshift@=\dimen129
\tagwidth@=\dimen130
\totwidth@=\dimen131
\lineht@=\dimen132
\@envbody=\toks25
\multlinegap=\skip55
\multlinetaggap=\skip56
\mathdisplay@stack=\toks26
LaTeX Info: Redefining \[ on input line 2817.
LaTeX Info: Redefining \] on input line 2818.
)
(/usr/share/texlive/texmf-dist/tex/latex/amsfonts/amssymb.sty
Package: amssymb 2013/01/14 v3.01 AMS font symbols

(/usr/share/texlive/texmf-dist/tex/latex/amsfonts/amsfonts.sty
Package: amsfonts 2013/01/14 v3.01 Basic AMSFonts support
\symAMSa=\mathgroup5
\symAMSb=\mathgroup6
LaTeX Font Info:    Overwriting math alphabet `\mathfrak' in version `bold'
(Font)                  U/euf/m/n --> U/euf/b/n on input line 106.
))
(/usr/share/texlive/texmf-dist/tex/latex/amscls/amsthm.sty
Package: amsthm 2017/10/31 v2.20.4
\thm@style=\toks27
\thm@bodyfont=\toks28
\thm@headfont=\toks29
\thm@notefont=\toks30
\thm@headpunct=\toks31
\thm@preskip=\skip57
\thm@postskip=\skip58
\thm@headsep=\skip59
\dth@everypar=\toks32
)
(/usr/share/texlive/texmf-dist/tex/latex/hyperref/hyperref.sty
Package: hyperref 2018/02/06 v6.86b Hypertext links for LaTeX

(/usr/share/texlive/texmf-dist/tex/generic/oberdiek/hobsub-hyperref.sty
Package: hobsub-hyperref 2016/05/16 v1.14 Bundle oberdiek, subset hyperref (HO)


(/usr/share/texlive/texmf-dist/tex/generic/oberdiek/hobsub-generic.sty
Package: hobsub-generic 2016/05/16 v1.14 Bundle oberdiek, subset generic (HO)
Package: hobsub 2016/05/16 v1.14 Construct package bundles (HO)
Package hobsub Info: Skipping package `infwarerr' (already loaded).
Package hobsub Info: Skipping package `ltxcmds' (already loaded).
Package hobsub Info: Skipping package `ifluatex' (already loaded).
Package: ifvtex 2016/05/16 v1.6 Detect VTeX and its facilities (HO)
Package ifvtex Info: VTeX not detected.
Package: intcalc 2016/05/16 v1.2 Expandable calculations with integers (HO)
Package hobsub Info: Skipping package `ifpdf' (already loaded).
Package hobsub Info: Skipping package `etexcmds' (already loaded).
Package hobsub Info: Skipping package `kvsetkeys' (already loaded).
Package hobsub Info: Skipping package `kvdefinekeys' (already loaded).
Package hobsub Info: Skipping package `pdftexcmds' (already loaded).
Package: pdfescape 2016/05/16 v1.14 Implements pdfTeX's escape features (HO)
Package: bigintcalc 2016/05/16 v1.4 Expandable calculations on big integers (HO
)
Package: bitset 2016/05/16 v1.2 Handle bit-vector datatype (HO)
Package: uniquecounter 2016/05/16 v1.3 Provide unlimited unique counter (HO)
)
Package hobsub Info: Skipping package `hobsub' (already loaded).
Package: letltxmacro 2016/05/16 v1.5 Let assignment for LaTeX macros (HO)
Package: hopatch 2016/05/16 v1.3 Wrapper for package hooks (HO)
Package: xcolor-patch 2016/05/16 xcolor patch
Package: atveryend 2016/05/16 v1.9 Hooks at the very end of document (HO)
Package atveryend Info: \enddocument detected (standard20110627).
Package: atbegshi 2016/06/09 v1.18 At begin shipout hook (HO)
Package: refcount 2016/05/16 v3.5 Data extraction from label references (HO)
Package: hycolor 2016/05/16 v1.8 Color options for hyperref/bookmark (HO)
)
(/usr/share/texlive/texmf-dist/tex/generic/ifxetex/ifxetex.sty
Package: ifxetex 2010/09/12 v0.6 Provides ifxetex conditional
)
(/usr/share/texlive/texmf-dist/tex/latex/oberdiek/auxhook.sty
Package: auxhook 2016/05/16 v1.4 Hooks for auxiliary files (HO)
)
\@linkdim=\dimen133
\Hy@linkcounter=\count118
\Hy@pagecounter=\count119

(/usr/share/texlive/texmf-dist/tex/latex/hyperref/pd1enc.def
File: pd1enc.def 2018/02/06 v6.86b Hyperref: PDFDocEncoding definition (HO)
)
\Hy@SavedSpaceFactor=\count120

(/usr/share/texlive/texmf-dist/tex/latex/latexconfig/hyperref.cfg
File: hyperref.cfg 2002/06/06 v1.2 hyperref configuration of TeXLive
)
Package hyperref Info: Option `colorlinks' set `true' on input line 4383.
Package hyperref Info: Hyper figures OFF on input line 4509.
Package hyperref Info: Link nesting OFF on input line 4514.
Package hyperref Info: Hyper index ON on input line 4517.
Package hyperref Info: Plain pages OFF on input line 4524.
Package hyperref Info: Backreferencing ON on input line 4527.
Package hyperref Info: Implicit mode ON; LaTeX internals redefined.
Package hyperref Info: Bookmarks ON on input line 4762.

(/usr/share/texlive/texmf-dist/tex/latex/hyperref/backref.sty
Package: backref 2016/05/21 v1.39 Bibliographical back referencing

(/usr/share/texlive/texmf-dist/tex/latex/oberdiek/rerunfilecheck.sty
Package: rerunfilecheck 2016/05/16 v1.8 Rerun checks for auxiliary files (HO)
Package uniquecounter Info: New unique counter `rerunfilecheck' on input line 2
82.
))
\c@Hy@tempcnt=\count121

(/usr/share/texlive/texmf-dist/tex/latex/url/url.sty
\Urlmuskip=\muskip11
Package: url 2013/09/16  ver 3.4  Verb mode for urls, etc.
)
LaTeX Info: Redefining \url on input line 5115.
\XeTeXLinkMargin=\dimen134
\Fld@menulength=\count122
\Field@Width=\dimen135
\Fld@charsize=\dimen136
Package hyperref Info: Hyper figures OFF on input line 6369.
Package hyperref Info: Link nesting OFF on input line 6374.
Package hyperref Info: Hyper index ON on input line 6377.
Package hyperref Info: backreferencing ON on input line 6382.
Package hyperref Info: Link coloring ON on input line 6387.
Package hyperref Info: Link coloring with OCG OFF on input line 6394.
Package hyperref Info: PDF/A mode OFF on input line 6399.
LaTeX Info: Redefining \ref on input line 6439.
LaTeX Info: Redefining \pageref on input line 6443.
\Hy@abspage=\count123
\c@Item=\count124
\c@Hfootnote=\count125
)
Package hyperref Info: Driver (autodetected): hpdftex.

(/usr/share/texlive/texmf-dist/tex/latex/hyperref/hpdftex.def
File: hpdftex.def 2018/02/06 v6.86b Hyperref driver for pdfTeX
\Fld@listcount=\count126
\c@bookmark@seq@number=\count127
\Hy@SectionHShift=\skip60
)
Package hyperref Info: Option `colorlinks' set `false' on input line 66.
 (./pause.sty)
\c@theorem=\count128
\fixbox=\box61

(./aula11.aux)
\openout1 = `aula11.aux'.

LaTeX Font Info:    Checking defaults for OML/cmm/m/it on input line 289.
LaTeX Font Info:    ... okay on input line 289.
LaTeX Font Info:    Checking defaults for T1/cmr/m/n on input line 289.
LaTeX Font Info:    ... okay on input line 289.
LaTeX Font Info:    Checking defaults for OT1/lcmss/m/n on input line 289.
LaTeX Font Info:    ... okay on input line 289.
LaTeX Font Info:    Checking defaults for OMS/cmsy/m/n on input line 289.
LaTeX Font Info:    ... okay on input line 289.
LaTeX Font Info:    Checking defaults for OMX/cmex/m/n on input line 289.
LaTeX Font Info:    ... okay on input line 289.
LaTeX Font Info:    Checking defaults for U/cmr/m/n on input line 289.
LaTeX Font Info:    ... okay on input line 289.
LaTeX Font Info:    Checking defaults for TS1/cmr/m/n on input line 289.
LaTeX Font Info:    Try loading font information for TS1+cmr on input line 289.

 (/usr/share/texlive/texmf-dist/tex/latex/base/ts1cmr.fd
File: ts1cmr.fd 2014/09/29 v2.5h Standard LaTeX font definitions
)
LaTeX Font Info:    ... okay on input line 289.
LaTeX Font Info:    Checking defaults for PD1/pdf/m/n on input line 289.
LaTeX Font Info:    ... okay on input line 289.

(/usr/share/texlive/texmf-dist/tex/context/base/mkii/supp-pdf.mkii
[Loading MPS to PDF converter (version 2006.09.02).]
\scratchcounter=\count129
\scratchdimen=\dimen137
\scratchbox=\box62
\nofMPsegments=\count130
\nofMParguments=\count131
\everyMPshowfont=\toks33
\MPscratchCnt=\count132
\MPscratchDim=\dimen138
\MPnumerator=\count133
\makeMPintoPDFobject=\count134
\everyMPtoPDFconversion=\toks34
)
\AtBeginShipoutBox=\box63
Package hyperref Info: Link coloring OFF on input line 289.
 (/usr/share/texlive/texmf-dist/tex/latex/hyperref/nameref.sty
Package: nameref 2016/05/21 v2.44 Cross-referencing by name of section

(/usr/share/texlive/texmf-dist/tex/generic/oberdiek/gettitlestring.sty
Package: gettitlestring 2016/05/16 v1.5 Cleanup title references (HO)
)
\c@section@level=\count135
)
LaTeX Info: Redefining \ref on input line 289.
LaTeX Info: Redefining \pageref on input line 289.
LaTeX Info: Redefining \nameref on input line 289.

(./aula11.out) (./aula11.out)
\@outlinefile=\write4
\openout4 = `aula11.out'.

LaTeX Font Info:    Try loading font information for OML+lcmm on input line 308
.

(/usr/share/texlive/texmf-dist/tex/latex/base/omllcmm.fd
File: omllcmm.fd 1998/06/12 v2.2e Standard LaTeX slide font definitions
)
LaTeX Font Info:    Try loading font information for OMS+lcmsy on input line 30
8.

(/usr/share/texlive/texmf-dist/tex/latex/base/omslcmsy.fd
File: omslcmsy.fd 1998/06/12 v2.2e Standard LaTeX slide font definitions
)
LaTeX Font Info:    Try loading font information for OMX+lcmex on input line 30
8.

(/usr/share/texlive/texmf-dist/tex/latex/base/omxlcmex.fd
File: omxlcmex.fd 1998/06/12 v2.2e Standard LaTeX slide font definitions
)
LaTeX Font Info:    External font `cmex10 at17.28pt' loaded for size
(Font)              <19.907> on input line 308.
LaTeX Font Info:    External font `cmex10 at17.28pt' loaded for size
(Font)              <16.59> on input line 308.
LaTeX Font Info:    External font `cmex10 at17.28pt' loaded for size
(Font)              <13.82> on input line 308.
LaTeX Font Info:    Try loading font information for U+msa on input line 308.

(/usr/share/texlive/texmf-dist/tex/latex/amsfonts/umsa.fd
File: umsa.fd 2013/01/14 v3.01 AMS symbols A
)
LaTeX Font Info:    Try loading font information for U+msb on input line 308.

(/usr/share/texlive/texmf-dist/tex/latex/amsfonts/umsb.fd
File: umsb.fd 2013/01/14 v3.01 AMS symbols B
)
LaTeX Font Info:    Try loading font information for T1+lcmtt on input line 310
.

(/usr/share/texlive/texmf-dist/tex/latex/base/t1lcmtt.fd
File: t1lcmtt.fd 1998/06/12 v2.2e Standard LaTeX slide font definitions
)

LaTeX Font Warning: Font shape `T1/lcmss/m/n' in size <17> not available
(Font)              size <16.59> substituted on input line 313.


Overfull \hbox (10.41669pt too wide) has occurred while \output is active
[][] 
 []

Package babel Info: Redefining portuges shorthand "|
(babel)             in language  on input line 313.
Package babel Info: Redefining portuges shorthand "|
(babel)             in language  on input line 313.
[1
Non-PDF special ignored!{/var/lib/texmf/fonts/map/pdftex/updmap/pdftex.map}

]
Overfull \hbox (10.41669pt too wide) has occurred while \output is active
[][] 
 []

Package babel Info: Redefining portuges shorthand "|
(babel)             in language  on input line 318.
Package babel Info: Redefining portuges shorthand "|
(babel)             in language  on input line 318.
[2]
Overfull \hbox (10.41669pt too wide) has occurred while \output is active
[][] 
 []

Package babel Info: Redefining portuges shorthand "|
(babel)             in language  on input line 325.
Package babel Info: Redefining portuges shorthand "|
(babel)             in language  on input line 325.
[3]
Overfull \hbox (10.41669pt too wide) has occurred while \output is active
[][] 
 []

Package babel Info: Redefining portuges shorthand "|
(babel)             in language  on input line 334.
Package babel Info: Redefining portuges shorthand "|
(babel)             in language  on input line 334.
[4]
Overfull \hbox (10.41669pt too wide) has occurred while \output is active
[][] 
 []

Package babel Info: Redefining portuges shorthand "|
(babel)             in language  on input line 347.
Package babel Info: Redefining portuges shorthand "|
(babel)             in language  on input line 347.
[5]
Overfull \hbox (10.41669pt too wide) has occurred while \output is active
[][] 
 []

Package babel Info: Redefining portuges shorthand "|
(babel)             in language  on input line 360.
Package babel Info: Redefining portuges shorthand "|
(babel)             in language  on input line 360.
[6]
Overfull \hbox (10.41669pt too wide) has occurred while \output is active
[][] 
 []

Package babel Info: Redefining portuges shorthand "|
(babel)             in language  on input line 369.
Package babel Info: Redefining portuges shorthand "|
(babel)             in language  on input line 369.
[7]
Overfull \hbox (10.41669pt too wide) has occurred while \output is active
[][] 
 []

Package babel Info: Redefining portuges shorthand "|
(babel)             in language  on input line 380.
Package babel Info: Redefining portuges shorthand "|
(babel)             in language  on input line 380.
[8]
Overfull \hbox (10.41669pt too wide) has occurred while \output is active
[][] 
 []

Package babel Info: Redefining portuges shorthand "|
(babel)             in language  on input line 387.
Package babel Info: Redefining portuges shorthand "|
(babel)             in language  on input line 387.
[9]
Overfull \hbox (16.6667pt too wide) has occurred while \output is active
[][] 
 []

Package babel Info: Redefining portuges shorthand "|
(babel)             in language  on input line 402.
Package babel Info: Redefining portuges shorthand "|
(babel)             in language  on input line 402.
[10]
Overfull \hbox (16.6667pt too wide) has occurred while \output is active
[][] 
 []

Package babel Info: Redefining portuges shorthand "|
(babel)             in language  on input line 419.
Package babel Info: Redefining portuges shorthand "|
(babel)             in language  on input line 419.
[11]
Overfull \hbox (16.6667pt too wide) has occurred while \output is active
[][] 
 []

Package babel Info: Redefining portuges shorthand "|
(babel)             in language  on input line 423.
Package babel Info: Redefining portuges shorthand "|
(babel)             in language  on input line 423.
[12]
Overfull \hbox (16.6667pt too wide) has occurred while \output is active
[][] 
 []

Package babel Info: Redefining portuges shorthand "|
(babel)             in language  on input line 432.
Package babel Info: Redefining portuges shorthand "|
(babel)             in language  on input line 432.
[13]
Overfull \hbox (16.6667pt too wide) has occurred while \output is active
[][] 
 []

Package babel Info: Redefining portuges shorthand "|
(babel)             in language  on input line 439.
Package babel Info: Redefining portuges shorthand "|
(babel)             in language  on input line 439.
[14]
Overfull \hbox (16.6667pt too wide) has occurred while \output is active
[][] 
 []

Package babel Info: Redefining portuges shorthand "|
(babel)             in language  on input line 453.
Package babel Info: Redefining portuges shorthand "|
(babel)             in language  on input line 453.
[15]
LaTeX Font Info:    External font `cmex10 at17.28pt' loaded for size
(Font)              <12> on input line 456.
LaTeX Font Info:    External font `cmex10 at17.28pt' loaded for size
(Font)              <7> on input line 456.


LaTeX Font Warning: Font shape `U/lasy/m/n' in size <7> not available
(Font)              size <12> substituted on input line 456.


Overfull \hbox (16.6667pt too wide) has occurred while \output is active
[][] 
 []

Package babel Info: Redefining portuges shorthand "|
(babel)             in language  on input line 457.
Package babel Info: Redefining portuges shorthand "|
(babel)             in language  on input line 457.
[16]
Overfull \hbox (16.6667pt too wide) has occurred while \output is active
[][] 
 []

Package babel Info: Redefining portuges shorthand "|
(babel)             in language  on input line 481.
Package babel Info: Redefining portuges shorthand "|
(babel)             in language  on input line 481.
[17]
Overfull \hbox (16.6667pt too wide) has occurred while \output is active
[][] 
 []

Package babel Info: Redefining portuges shorthand "|
(babel)             in language  on input line 486.
Package babel Info: Redefining portuges shorthand "|
(babel)             in language  on input line 486.
[18]
Overfull \hbox (16.6667pt too wide) has occurred while \output is active
[][] 
 []

Package babel Info: Redefining portuges shorthand "|
(babel)             in language  on input line 510.
Package babel Info: Redefining portuges shorthand "|
(babel)             in language  on input line 510.
[19]
Overfull \hbox (16.6667pt too wide) has occurred while \output is active
[][] 
 []

Package babel Info: Redefining portuges shorthand "|
(babel)             in language  on input line 514.
Package babel Info: Redefining portuges shorthand "|
(babel)             in language  on input line 514.
[20]
Overfull \hbox (16.6667pt too wide) has occurred while \output is active
[][] 
 []

Package babel Info: Redefining portuges shorthand "|
(babel)             in language  on input line 537.
Package babel Info: Redefining portuges shorthand "|
(babel)             in language  on input line 537.
[21]
Overfull \hbox (16.6667pt too wide) has occurred while \output is active
[][] 
 []

Package babel Info: Redefining portuges shorthand "|
(babel)             in language  on input line 553.
Package babel Info: Redefining portuges shorthand "|
(babel)             in language  on input line 553.
[22]
Warning: Indentation ends at level -1 in codebox on page 0.

LaTeX Font Warning: Font shape `T1/lcmss/m/sc' undefined
(Font)              using `T1/lcmss/m/n' instead on input line 572.


Overfull \hbox (16.6667pt too wide) has occurred while \output is active
[][] 
 []

Package babel Info: Redefining portuges shorthand "|
(babel)             in language  on input line 575.
Package babel Info: Redefining portuges shorthand "|
(babel)             in language  on input line 575.
[23]
Overfull \hbox (16.6667pt too wide) has occurred while \output is active
[][] 
 []

Package babel Info: Redefining portuges shorthand "|
(babel)             in language  on input line 586.
Package babel Info: Redefining portuges shorthand "|
(babel)             in language  on input line 586.
[24]
Overfull \hbox (16.6667pt too wide) has occurred while \output is active
[][] 
 []

Package babel Info: Redefining portuges shorthand "|
(babel)             in language  on input line 590.
Package babel Info: Redefining portuges shorthand "|
(babel)             in language  on input line 590.
[25]
Overfull \hbox (16.6667pt too wide) has occurred while \output is active
[][] 
 []

Package babel Info: Redefining portuges shorthand "|
(babel)             in language  on input line 596.
Package babel Info: Redefining portuges shorthand "|
(babel)             in language  on input line 596.
[26]
Overfull \hbox (16.6667pt too wide) has occurred while \output is active
[][] 
 []

Package babel Info: Redefining portuges shorthand "|
(babel)             in language  on input line 602.
Package babel Info: Redefining portuges shorthand "|
(babel)             in language  on input line 602.
[27]
Overfull \hbox (16.6667pt too wide) has occurred while \output is active
[][] 
 []

Package babel Info: Redefining portuges shorthand "|
(babel)             in language  on input line 611.
Package babel Info: Redefining portuges shorthand "|
(babel)             in language  on input line 611.
[28]
Overfull \hbox (16.6667pt too wide) has occurred while \output is active
[][] 
 []

Package babel Info: Redefining portuges shorthand "|
(babel)             in language  on input line 619.
Package babel Info: Redefining portuges shorthand "|
(babel)             in language  on input line 619.
[29]
Overfull \hbox (16.6667pt too wide) has occurred while \output is active
[][] 
 []

Package babel Info: Redefining portuges shorthand "|
(babel)             in language  on input line 638.
Package babel Info: Redefining portuges shorthand "|
(babel)             in language  on input line 638.
[30]
Warning: Indentation ends at level -1 in codebox on page 0.

Overfull \vbox (5.14441pt too high) has occurred while \output is active []


Overfull \hbox (16.6667pt too wide) has occurred while \output is active
[][] 
 []

Package babel Info: Redefining portuges shorthand "|
(babel)             in language  on input line 659.
Package babel Info: Redefining portuges shorthand "|
(babel)             in language  on input line 659.
[31]
Overfull \hbox (16.6667pt too wide) has occurred while \output is active
[][] 
 []

Package babel Info: Redefining portuges shorthand "|
(babel)             in language  on input line 663.
Package babel Info: Redefining portuges shorthand "|
(babel)             in language  on input line 663.
[32]
Overfull \hbox (16.6667pt too wide) has occurred while \output is active
[][] 
 []

Package babel Info: Redefining portuges shorthand "|
(babel)             in language  on input line 678.
Package babel Info: Redefining portuges shorthand "|
(babel)             in language  on input line 678.
[33]
Overfull \hbox (16.6667pt too wide) has occurred while \output is active
[][] 
 []

Package babel Info: Redefining portuges shorthand "|
(babel)             in language  on input line 687.
Package babel Info: Redefining portuges shorthand "|
(babel)             in language  on input line 687.
[34]
Overfull \hbox (16.6667pt too wide) has occurred while \output is active
[][] 
 []

Package babel Info: Redefining portuges shorthand "|
(babel)             in language  on input line 695.
Package babel Info: Redefining portuges shorthand "|
(babel)             in language  on input line 695.
[35]
Overfull \hbox (16.6667pt too wide) has occurred while \output is active
[][] 
 []

Package babel Info: Redefining portuges shorthand "|
(babel)             in language  on input line 703.
Package babel Info: Redefining portuges shorthand "|
(babel)             in language  on input line 703.
[36]
Package epstopdf Info: Source file: <fig01.eps>
(epstopdf)                    date: 2020-04-12 23:16:24
(epstopdf)                    size: 4250 bytes
(epstopdf)             Output file: <fig01-eps-converted-to.pdf>
(epstopdf)                    date: 2020-04-12 23:19:24
(epstopdf)                    size: 5834 bytes
(epstopdf)             Command: <repstopdf --outfile=fig01-eps-converted-to.pdf
 fig01.eps>
(epstopdf)             \includegraphics on input line 717.
Package epstopdf Info: Output file is already uptodate.


pdfTeX warning: pdflatex (file ./fig01-eps-converted-to.pdf): PDF inclusion: fo
und PDF version <1.7>, but at most version <1.5> allowed
<fig01-eps-converted-to.pdf, id=165, 457.71pt x 179.67125pt>
File: fig01-eps-converted-to.pdf Graphic file (type pdf)
<use fig01-eps-converted-to.pdf>
Package pdftex.def Info: fig01-eps-converted-to.pdf  used on input line 717.
(pdftex.def)             Requested size: 390.00397pt x 153.0996pt.

Overfull \hbox (16.6667pt too wide) has occurred while \output is active
[][] 
 []

Package babel Info: Redefining portuges shorthand "|
(babel)             in language  on input line 720.
Package babel Info: Redefining portuges shorthand "|
(babel)             in language  on input line 720.
[37 <./fig01-eps-converted-to.pdf>]
Overfull \hbox (16.6667pt too wide) has occurred while \output is active
[][] 
 []

Package babel Info: Redefining portuges shorthand "|
(babel)             in language  on input line 736.
Package babel Info: Redefining portuges shorthand "|
(babel)             in language  on input line 736.
[38]
Package epstopdf Info: Source file: <fig02.eps>
(epstopdf)                    date: 2020-04-12 23:40:05
(epstopdf)                    size: 5005 bytes
(epstopdf)             Output file: <fig02-eps-converted-to.pdf>
(epstopdf)                    date: 2020-04-12 23:45:05
(epstopdf)                    size: 6711 bytes
(epstopdf)             Command: <repstopdf --outfile=fig02-eps-converted-to.pdf
 fig02.eps>
(epstopdf)             \includegraphics on input line 750.
Package epstopdf Info: Output file is already uptodate.


pdfTeX warning: pdflatex (file ./fig02-eps-converted-to.pdf): PDF inclusion: fo
und PDF version <1.7>, but at most version <1.5> allowed
<fig02-eps-converted-to.pdf, id=180, 565.11125pt x 219.82124pt>
File: fig02-eps-converted-to.pdf Graphic file (type pdf)
<use fig02-eps-converted-to.pdf>
Package pdftex.def Info: fig02-eps-converted-to.pdf  used on input line 750.
(pdftex.def)             Requested size: 454.99802pt x 176.99094pt.

Overfull \hbox (16.6667pt too wide) has occurred while \output is active
[][] 
 []

Package babel Info: Redefining portuges shorthand "|
(babel)             in language  on input line 753.
Package babel Info: Redefining portuges shorthand "|
(babel)             in language  on input line 753.
[39 <./fig02-eps-converted-to.pdf>]
Warning: Indentation ends at level -1 in codebox on page 0.

Overfull \hbox (16.6667pt too wide) has occurred while \output is active
[][] 
 []

Package babel Info: Redefining portuges shorthand "|
(babel)             in language  on input line 774.
Package babel Info: Redefining portuges shorthand "|
(babel)             in language  on input line 774.
[40]
Overfull \hbox (16.6667pt too wide) has occurred while \output is active
[][] 
 []

Package babel Info: Redefining portuges shorthand "|
(babel)             in language  on input line 789.
Package babel Info: Redefining portuges shorthand "|
(babel)             in language  on input line 789.
[41]
Overfull \hbox (16.6667pt too wide) has occurred while \output is active
[][] 
 []

Package babel Info: Redefining portuges shorthand "|
(babel)             in language  on input line 800.
Package babel Info: Redefining portuges shorthand "|
(babel)             in language  on input line 800.
[42]
Overfull \hbox (16.6667pt too wide) has occurred while \output is active
[][] 
 []

Package babel Info: Redefining portuges shorthand "|
(babel)             in language  on input line 806.
Package babel Info: Redefining portuges shorthand "|
(babel)             in language  on input line 806.
[43]
0 minutes
Package atveryend Info: Empty hook `BeforeClearDocument' on input line 808.
Package atveryend Info: Empty hook `AfterLastShipout' on input line 808.
(./aula11.aux)
Package atveryend Info: Executing hook `AtVeryEndDocument' on input line 808.
Package atveryend Info: Executing hook `AtEndAfterFileList' on input line 808.
Package rerunfilecheck Info: File `aula11.out' has not changed.
(rerunfilecheck)             Checksum: D41D8CD98F00B204E9800998ECF8427E;0.


LaTeX Font Warning: Size substitutions with differences
(Font)              up to 5.0pt have occurred.


LaTeX Font Warning: Some font shapes were not available, defaults substituted.

Package atveryend Info: Empty hook `AtVeryVeryEnd' on input line 808.
 ) 
Here is how much of TeX's memory you used:
 8777 strings out of 492982
 124131 string characters out of 6134897
 232685 words of memory out of 5000000
 12103 multiletter control sequences out of 15000+600000
 16634 words of font info for 52 fonts, out of 8000000 for 9000
 1141 hyphenation exceptions out of 8191
 42i,15n,35p,527b,377s stack positions out of 5000i,500n,10000p,200000b,80000s
{/usr/share/texmf/fonts/enc/dvips/cm-super/cm-super-t1.enc}</usr/share/texliv
e/texmf-dist/fonts/type1/public/amsfonts/cm/cmmi8.pfb></usr/share/texlive/texmf
-dist/fonts/type1/public/amsfonts/cm/cmsy8.pfb></usr/share/texlive/texmf-dist/f
onts/type1/public/amsfonts/latxfont/lcmss8.pfb></usr/share/texlive/texmf-dist/f
onts/type1/public/amsfonts/symbols/msam10.pfb></usr/share/texmf/fonts/type1/pub
lic/cm-super/sflb8.pfb></usr/share/texmf/fonts/type1/public/cm-super/sfli8.pfb>
</usr/share/texmf/fonts/type1/public/cm-super/sflq8.pfb></usr/share/texmf/fonts
/type1/public/cm-super/sfltt8.pfb>
Output written on aula11.pdf (43 pages, 175081 bytes).
PDF statistics:
 249 PDF objects out of 1000 (max. 8388607)
 190 compressed objects within 2 object streams
 46 named destinations out of 1000 (max. 500000)
 11 words of extra memory for PDF output out of 10000 (max. 10000000)

