This is pdfTeX, Version 3.14159265-2.6-1.40.18 (TeX Live 2017/Debian) (preloaded format=pdflatex 2019.3.3)  26 MAR 2020 21:50
entering extended mode
 restricted \write18 enabled.
 %&-line parsing enabled.
**aula03.tex
(./aula03.tex
LaTeX2e <2017-04-15>
Babel <3.18> and hyphenation patterns for 84 language(s) loaded.
(/usr/share/texlive/texmf-dist/tex/latex/base/slides.cls
Document Class: slides 2016/03/29 v2.4a Standard LaTeX document class
(/usr/share/texlive/texmf-dist/tex/latex/base/slides.def
File: slides.def 2016/03/29 v2.4a SLiTeX definitions
 hacks, slides,
\c@page=\count79

picture, mods,
\@smashboxa=\box26
\@smashboxb=\box27
\@smashboxc=\box28
 output, init)
(/usr/share/texlive/texmf-dist/tex/latex/base/sfonts.def
File: sfonts.def 1998/06/12 v2.2e Standard LaTeX slide font definitions

(/usr/share/texlive/texmf-dist/tex/latex/base/ot1lcmss.fd
File: ot1lcmss.fd 1998/06/12 v2.2e Standard LaTeX slide font definitions
))
\c@minutes=\count80
\c@seconds=\count81
\c@mv@invisible=\count82
LaTeX Font Info:    Overwriting symbol font `operators' in version `normal'
(Font)                  OT1/cmr/m/n --> OT1/lcmss/m/n on input line 359.
LaTeX Font Info:    Overwriting symbol font `letters' in version `normal'
(Font)                  OML/cmm/m/it --> OML/lcmm/m/it on input line 362.
LaTeX Font Info:    Overwriting symbol font `symbols' in version `normal'
(Font)                  OMS/cmsy/m/n --> OMS/lcmsy/m/n on input line 364.
LaTeX Font Info:    Overwriting symbol font `largesymbols' in version `normal'
(Font)                  OMX/cmex/m/n --> OMX/lcmex/m/n on input line 366.
LaTeX Font Info:    Overwriting symbol font `operators' in version `invisible'
(Font)                  OT1/cmr/m/n --> OT1/lcmss/m/In on input line 369.
LaTeX Font Info:    Overwriting symbol font `letters' in version `invisible'
(Font)                  OML/cmm/m/it --> OML/lcmm/m/Iit on input line 371.
LaTeX Font Info:    Overwriting symbol font `symbols' in version `invisible'
(Font)                  OMS/cmsy/m/n --> OMS/lcmsy/m/In on input line 373.
LaTeX Font Info:    Overwriting symbol font `largesymbols' in version `invisibl
e'
(Font)                  OMX/cmex/m/n --> OMX/lcmex/m/In on input line 375.
)
(/usr/share/texlive/texmf-dist/tex/generic/babel/babel.sty
Package: babel 2018/02/14 3.18 The Babel package

(/usr/share/texlive/texmf-dist/tex/generic/babel/switch.def
File: switch.def 2018/02/14 3.18 Babel switching mechanism
)
(/usr/share/texlive/texmf-dist/tex/generic/babel-portuges/portuges.ldf
Language: portuges 2008/03/18 v1.2q Portuguese support from the babel system

(/usr/share/texlive/texmf-dist/tex/generic/babel/babel.def
File: babel.def 2018/02/14 3.18 Babel common definitions
\babel@savecnt=\count83
\U@D=\dimen102

(/usr/share/texlive/texmf-dist/tex/generic/babel/txtbabel.def)
\bbl@dirlevel=\count84
)
\l@brazil = a dialect from \language\l@portuges 
Package babel Info: Making " an active character on input line 145.
))
(/usr/share/texlive/texmf-dist/tex/latex/base/inputenc.sty
Package: inputenc 2015/03/17 v1.2c Input encoding file
\inpenc@prehook=\toks14
\inpenc@posthook=\toks15

(/usr/share/texlive/texmf-dist/tex/latex/base/latin1.def
File: latin1.def 2015/03/17 v1.2c Input encoding file
))
(/usr/share/texlive/texmf-dist/tex/latex/base/textcomp.sty
Package: textcomp 2017/04/05 v2.0i Standard LaTeX package
Package textcomp Info: Sub-encoding information:
(textcomp)               5 = only ISO-Adobe without \textcurrency
(textcomp)               4 = 5 + \texteuro
(textcomp)               3 = 4 + \textohm
(textcomp)               2 = 3 + \textestimated + \textcurrency
(textcomp)               1 = TS1 - \textcircled - \t
(textcomp)               0 = TS1 (full)
(textcomp)             Font families with sub-encoding setting implement
(textcomp)             only a restricted character set as indicated.
(textcomp)             Family '?' is the default used for unknown fonts.
(textcomp)             See the documentation for details.
Package textcomp Info: Setting ? sub-encoding to TS1/1 on input line 79.

(/usr/share/texlive/texmf-dist/tex/latex/base/ts1enc.def
File: ts1enc.def 2001/06/05 v3.0e (jk/car/fm) Standard LaTeX file
)
LaTeX Info: Redefining \oldstylenums on input line 334.
Package textcomp Info: Setting cmr sub-encoding to TS1/0 on input line 349.
Package textcomp Info: Setting cmss sub-encoding to TS1/0 on input line 350.
Package textcomp Info: Setting cmtt sub-encoding to TS1/0 on input line 351.
Package textcomp Info: Setting cmvtt sub-encoding to TS1/0 on input line 352.
Package textcomp Info: Setting cmbr sub-encoding to TS1/0 on input line 353.
Package textcomp Info: Setting cmtl sub-encoding to TS1/0 on input line 354.
Package textcomp Info: Setting ccr sub-encoding to TS1/0 on input line 355.
Package textcomp Info: Setting ptm sub-encoding to TS1/4 on input line 356.
Package textcomp Info: Setting pcr sub-encoding to TS1/4 on input line 357.
Package textcomp Info: Setting phv sub-encoding to TS1/4 on input line 358.
Package textcomp Info: Setting ppl sub-encoding to TS1/3 on input line 359.
Package textcomp Info: Setting pag sub-encoding to TS1/4 on input line 360.
Package textcomp Info: Setting pbk sub-encoding to TS1/4 on input line 361.
Package textcomp Info: Setting pnc sub-encoding to TS1/4 on input line 362.
Package textcomp Info: Setting pzc sub-encoding to TS1/4 on input line 363.
Package textcomp Info: Setting bch sub-encoding to TS1/4 on input line 364.
Package textcomp Info: Setting put sub-encoding to TS1/5 on input line 365.
Package textcomp Info: Setting uag sub-encoding to TS1/5 on input line 366.
Package textcomp Info: Setting ugq sub-encoding to TS1/5 on input line 367.
Package textcomp Info: Setting ul8 sub-encoding to TS1/4 on input line 368.
Package textcomp Info: Setting ul9 sub-encoding to TS1/4 on input line 369.
Package textcomp Info: Setting augie sub-encoding to TS1/5 on input line 370.
Package textcomp Info: Setting dayrom sub-encoding to TS1/3 on input line 371.
Package textcomp Info: Setting dayroms sub-encoding to TS1/3 on input line 372.

Package textcomp Info: Setting pxr sub-encoding to TS1/0 on input line 373.
Package textcomp Info: Setting pxss sub-encoding to TS1/0 on input line 374.
Package textcomp Info: Setting pxtt sub-encoding to TS1/0 on input line 375.
Package textcomp Info: Setting txr sub-encoding to TS1/0 on input line 376.
Package textcomp Info: Setting txss sub-encoding to TS1/0 on input line 377.
Package textcomp Info: Setting txtt sub-encoding to TS1/0 on input line 378.
Package textcomp Info: Setting lmr sub-encoding to TS1/0 on input line 379.
Package textcomp Info: Setting lmdh sub-encoding to TS1/0 on input line 380.
Package textcomp Info: Setting lmss sub-encoding to TS1/0 on input line 381.
Package textcomp Info: Setting lmssq sub-encoding to TS1/0 on input line 382.
Package textcomp Info: Setting lmvtt sub-encoding to TS1/0 on input line 383.
Package textcomp Info: Setting lmtt sub-encoding to TS1/0 on input line 384.
Package textcomp Info: Setting qhv sub-encoding to TS1/0 on input line 385.
Package textcomp Info: Setting qag sub-encoding to TS1/0 on input line 386.
Package textcomp Info: Setting qbk sub-encoding to TS1/0 on input line 387.
Package textcomp Info: Setting qcr sub-encoding to TS1/0 on input line 388.
Package textcomp Info: Setting qcs sub-encoding to TS1/0 on input line 389.
Package textcomp Info: Setting qpl sub-encoding to TS1/0 on input line 390.
Package textcomp Info: Setting qtm sub-encoding to TS1/0 on input line 391.
Package textcomp Info: Setting qzc sub-encoding to TS1/0 on input line 392.
Package textcomp Info: Setting qhvc sub-encoding to TS1/0 on input line 393.
Package textcomp Info: Setting futs sub-encoding to TS1/4 on input line 394.
Package textcomp Info: Setting futx sub-encoding to TS1/4 on input line 395.
Package textcomp Info: Setting futj sub-encoding to TS1/4 on input line 396.
Package textcomp Info: Setting hlh sub-encoding to TS1/3 on input line 397.
Package textcomp Info: Setting hls sub-encoding to TS1/3 on input line 398.
Package textcomp Info: Setting hlst sub-encoding to TS1/3 on input line 399.
Package textcomp Info: Setting hlct sub-encoding to TS1/5 on input line 400.
Package textcomp Info: Setting hlx sub-encoding to TS1/5 on input line 401.
Package textcomp Info: Setting hlce sub-encoding to TS1/5 on input line 402.
Package textcomp Info: Setting hlcn sub-encoding to TS1/5 on input line 403.
Package textcomp Info: Setting hlcw sub-encoding to TS1/5 on input line 404.
Package textcomp Info: Setting hlcf sub-encoding to TS1/5 on input line 405.
Package textcomp Info: Setting pplx sub-encoding to TS1/3 on input line 406.
Package textcomp Info: Setting pplj sub-encoding to TS1/3 on input line 407.
Package textcomp Info: Setting ptmx sub-encoding to TS1/4 on input line 408.
Package textcomp Info: Setting ptmj sub-encoding to TS1/4 on input line 409.
)
(/usr/share/texlive/texmf-dist/tex/latex/base/fontenc.sty
Package: fontenc 2017/04/05 v2.0i Standard LaTeX package

(/usr/share/texlive/texmf-dist/tex/latex/base/t1enc.def
File: t1enc.def 2017/04/05 v2.0i Standard LaTeX file
LaTeX Font Info:    Redeclaring font encoding T1 on input line 48.
)
LaTeX Font Info:    Try loading font information for T1+lcmss on input line 105
.

(/usr/share/texlive/texmf-dist/tex/latex/base/t1lcmss.fd
File: t1lcmss.fd 1998/06/12 v2.2e Standard LaTeX slide font definitions
))
(/usr/share/texlive/texmf-dist/tex/latex/multirow/multirow.sty
Package: multirow 2016/11/25 v2.2 Span multiple rows of a table
\multirow@colwidth=\skip41
\multirow@cntb=\count85
\multirow@dima=\skip42
\bigstrutjot=\dimen103
)
(/usr/share/texlive/texmf-dist/tex/latex/graphics/graphicx.sty
Package: graphicx 2017/06/01 v1.1a Enhanced LaTeX Graphics (DPC,SPQR)

(/usr/share/texlive/texmf-dist/tex/latex/graphics/keyval.sty
Package: keyval 2014/10/28 v1.15 key=value parser (DPC)
\KV@toks@=\toks16
)
(/usr/share/texlive/texmf-dist/tex/latex/graphics/graphics.sty
Package: graphics 2017/06/25 v1.2c Standard LaTeX Graphics (DPC,SPQR)

(/usr/share/texlive/texmf-dist/tex/latex/graphics/trig.sty
Package: trig 2016/01/03 v1.10 sin cos tan (DPC)
)
(/usr/share/texlive/texmf-dist/tex/latex/graphics-cfg/graphics.cfg
File: graphics.cfg 2016/06/04 v1.11 sample graphics configuration
)
Package graphics Info: Driver file: pdftex.def on input line 99.

(/usr/share/texlive/texmf-dist/tex/latex/graphics-def/pdftex.def
File: pdftex.def 2018/01/08 v1.0l Graphics/color driver for pdftex
))
\Gin@req@height=\dimen104
\Gin@req@width=\dimen105
)
(/usr/share/texlive/texmf-dist/tex/latex/float/float.sty
Package: float 2001/11/08 v1.3d Float enhancements (AL)
\c@float@type=\count86
\float@exts=\toks17
\float@box=\box29
\@float@everytoks=\toks18
\@floatcapt=\box30
)
(/usr/share/texlive/texmf-dist/tex/latex/oberdiek/epstopdf.sty
Package: epstopdf 2016/05/15 v2.6 Conversion with epstopdf on the fly (HO)

(/usr/share/texlive/texmf-dist/tex/latex/oberdiek/epstopdf-base.sty
Package: epstopdf-base 2016/05/15 v2.6 Base part for package epstopdf

(/usr/share/texlive/texmf-dist/tex/generic/oberdiek/infwarerr.sty
Package: infwarerr 2016/05/16 v1.4 Providing info/warning/error messages (HO)
)
(/usr/share/texlive/texmf-dist/tex/latex/oberdiek/grfext.sty
Package: grfext 2016/05/16 v1.2 Manage graphics extensions (HO)

(/usr/share/texlive/texmf-dist/tex/generic/oberdiek/kvdefinekeys.sty
Package: kvdefinekeys 2016/05/16 v1.4 Define keys (HO)

(/usr/share/texlive/texmf-dist/tex/generic/oberdiek/ltxcmds.sty
Package: ltxcmds 2016/05/16 v1.23 LaTeX kernel commands for general use (HO)
)))
(/usr/share/texlive/texmf-dist/tex/latex/oberdiek/kvoptions.sty
Package: kvoptions 2016/05/16 v3.12 Key value format for package options (HO)

(/usr/share/texlive/texmf-dist/tex/generic/oberdiek/kvsetkeys.sty
Package: kvsetkeys 2016/05/16 v1.17 Key value parser (HO)

(/usr/share/texlive/texmf-dist/tex/generic/oberdiek/etexcmds.sty
Package: etexcmds 2016/05/16 v1.6 Avoid name clashes with e-TeX commands (HO)

(/usr/share/texlive/texmf-dist/tex/generic/oberdiek/ifluatex.sty
Package: ifluatex 2016/05/16 v1.4 Provides the ifluatex switch (HO)
Package ifluatex Info: LuaTeX not detected.
)
Package etexcmds Info: Could not find \expanded.
(etexcmds)             That can mean that you are not using pdfTeX 1.50 or
(etexcmds)             that some package has redefined \expanded.
(etexcmds)             In the latter case, load this package earlier.
)))
(/usr/share/texlive/texmf-dist/tex/generic/oberdiek/pdftexcmds.sty
Package: pdftexcmds 2018/01/21 v0.26 Utility functions of pdfTeX for LuaTeX (HO
)

(/usr/share/texlive/texmf-dist/tex/generic/oberdiek/ifpdf.sty
Package: ifpdf 2017/03/15 v3.2 Provides the ifpdf switch
)
Package pdftexcmds Info: LuaTeX not detected.
Package pdftexcmds Info: \pdf@primitive is available.
Package pdftexcmds Info: \pdf@ifprimitive is available.
Package pdftexcmds Info: \pdfdraftmode found.
)
Package epstopdf-base Info: Redefining graphics rule for `.eps' on input line 4
38.
Package grfext Info: Graphics extension search list:
(grfext)             [.pdf,.png,.jpg,.mps,.jpeg,.jbig2,.jb2,.PDF,.PNG,.JPG,.JPE
G,.JBIG2,.JB2,.eps]
(grfext)             \AppendGraphicsExtensions on input line 456.

(/usr/share/texlive/texmf-dist/tex/latex/latexconfig/epstopdf-sys.cfg
File: epstopdf-sys.cfg 2010/07/13 v1.3 Configuration of (r)epstopdf for TeX Liv
e
)))
(/usr/share/texlive/texmf-dist/tex/latex/psfrag/psfrag.sty
Package: psfrag 1998/04/11 v3.04 PSfrag (MCG)
\pfg@pcount=\count87
\pfg@scount=\count88
\pfg@temp=\write3
)
(/usr/share/texlive/texmf-dist/tex/latex/tools/multicol.sty
Package: multicol 2017/04/11 v1.8q multicolumn formatting (FMi)
\c@tracingmulticols=\count89
\mult@box=\box31
\multicol@leftmargin=\dimen106
\c@unbalance=\count90
\c@collectmore=\count91
\doublecol@number=\count92
\multicoltolerance=\count93
\multicolpretolerance=\count94
\full@width=\dimen107
\page@free=\dimen108
\premulticols=\dimen109
\postmulticols=\dimen110
\multicolsep=\skip43
\multicolbaselineskip=\skip44
\partial@page=\box32
\last@line=\box33
\maxbalancingoverflow=\dimen111
\mult@rightbox=\box34
\mult@grightbox=\box35
\mult@gfirstbox=\box36
\mult@firstbox=\box37
\@tempa=\box38
\@tempa=\box39
\@tempa=\box40
\@tempa=\box41
\@tempa=\box42
\@tempa=\box43
\@tempa=\box44
\@tempa=\box45
\@tempa=\box46
\@tempa=\box47
\@tempa=\box48
\@tempa=\box49
\@tempa=\box50
\@tempa=\box51
\@tempa=\box52
\@tempa=\box53
\@tempa=\box54
\c@columnbadness=\count95
\c@finalcolumnbadness=\count96
\last@try=\dimen112
\multicolovershoot=\dimen113
\multicolundershoot=\dimen114
\mult@nat@firstbox=\box55
\colbreak@box=\box56
\mc@col@check@num=\count97
) (./clrscode.sty
Package: clrscode 2007/03/29 v1.7 format pseudocode

(/usr/share/texlive/texmf-dist/tex/latex/base/latexsym.sty
Package: latexsym 1998/08/17 v2.2e Standard LaTeX package (lasy symbols)
\symlasy=\mathgroup4
LaTeX Font Info:    Overwriting symbol font `lasy' in version `bold'
(Font)                  U/lasy/m/n --> U/lasy/b/n on input line 52.
)
\c@codelinenumber=\count98
\c@indent=\count99
\digitwidth=\skip45
\savecode=\box57
\codeboxwidth=\skip46
\c@thisindent=\count100
)
(/usr/share/texlive/texmf-dist/tex/latex/tools/tabularx.sty
Package: tabularx 2016/02/03 v2.11 `tabularx' package (DPC)

(/usr/share/texlive/texmf-dist/tex/latex/tools/array.sty
Package: array 2016/10/06 v2.4d Tabular extension package (FMi)
\col@sep=\dimen115
\extrarowheight=\dimen116
\NC@list=\toks19
\extratabsurround=\skip47
\backup@length=\skip48
)
\TX@col@width=\dimen117
\TX@old@table=\dimen118
\TX@old@col=\dimen119
\TX@target=\dimen120
\TX@delta=\dimen121
\TX@cols=\count101
\TX@ftn=\toks20
) (./shi.sty

LaTeX Warning: You have requested package `shi',
               but the package provides `aszfolie'.

Package: aszfolie 
(/usr/share/texlive/texmf-dist/tex/latex/graphics/color.sty
Package: color 2016/07/10 v1.1e Standard LaTeX Color (DPC)

(/usr/share/texlive/texmf-dist/tex/latex/graphics-cfg/color.cfg
File: color.cfg 2016/01/02 v1.6 sample color configuration
)
Package color Info: Driver file: pdftex.def on input line 147.
)
(/usr/share/texlive/texmf-dist/tex/latex/tools/calc.sty
Package: calc 2014/10/28 v4.3 Infix arithmetic (KKT,FJ)
\calc@Acount=\count102
\calc@Bcount=\count103
\calc@Adimen=\dimen122
\calc@Bdimen=\dimen123
\calc@Askip=\skip49
\calc@Bskip=\skip50
LaTeX Info: Redefining \setlength on input line 80.
LaTeX Info: Redefining \addtolength on input line 81.
\calc@Ccount=\count104
\calc@Cskip=\skip51
)
(/usr/share/texlive/texmf-dist/tex/latex/base/ifthen.sty
Package: ifthen 2014/09/29 v1.1c Standard LaTeX ifthen package (DPC)
)
\asz@logo=\box58
\slidetitleskip=\skip52
)
(/usr/share/texlive/texmf-dist/tex/latex/amsmath/amsmath.sty
Package: amsmath 2017/09/02 v2.17a AMS math features
\@mathmargin=\skip53

For additional information on amsmath, use the `?' option.
(/usr/share/texlive/texmf-dist/tex/latex/amsmath/amstext.sty
Package: amstext 2000/06/29 v2.01 AMS text

(/usr/share/texlive/texmf-dist/tex/latex/amsmath/amsgen.sty
File: amsgen.sty 1999/11/30 v2.0 generic functions
\@emptytoks=\toks21
\ex@=\dimen124
))
(/usr/share/texlive/texmf-dist/tex/latex/amsmath/amsbsy.sty
Package: amsbsy 1999/11/29 v1.2d Bold Symbols
\pmbraise@=\dimen125
)
(/usr/share/texlive/texmf-dist/tex/latex/amsmath/amsopn.sty
Package: amsopn 2016/03/08 v2.02 operator names
)
\inf@bad=\count105
LaTeX Info: Redefining \frac on input line 213.
\uproot@=\count106
\leftroot@=\count107
LaTeX Info: Redefining \overline on input line 375.
\classnum@=\count108
\DOTSCASE@=\count109
LaTeX Info: Redefining \ldots on input line 472.
LaTeX Info: Redefining \dots on input line 475.
LaTeX Info: Redefining \cdots on input line 596.
\Mathstrutbox@=\box59
\strutbox@=\box60
\big@size=\dimen126
LaTeX Font Info:    Redeclaring font encoding OML on input line 712.
LaTeX Font Info:    Redeclaring font encoding OMS on input line 713.
\macc@depth=\count110
\c@MaxMatrixCols=\count111
\dotsspace@=\muskip10
\c@parentequation=\count112
\dspbrk@lvl=\count113
\tag@help=\toks22
\row@=\count114
\column@=\count115
\maxfields@=\count116
\andhelp@=\toks23
\eqnshift@=\dimen127
\alignsep@=\dimen128
\tagshift@=\dimen129
\tagwidth@=\dimen130
\totwidth@=\dimen131
\lineht@=\dimen132
\@envbody=\toks24
\multlinegap=\skip54
\multlinetaggap=\skip55
\mathdisplay@stack=\toks25
LaTeX Info: Redefining \[ on input line 2817.
LaTeX Info: Redefining \] on input line 2818.
)
(/usr/share/texlive/texmf-dist/tex/latex/amsfonts/amssymb.sty
Package: amssymb 2013/01/14 v3.01 AMS font symbols

(/usr/share/texlive/texmf-dist/tex/latex/amsfonts/amsfonts.sty
Package: amsfonts 2013/01/14 v3.01 Basic AMSFonts support
\symAMSa=\mathgroup5
\symAMSb=\mathgroup6
LaTeX Font Info:    Overwriting math alphabet `\mathfrak' in version `bold'
(Font)                  U/euf/m/n --> U/euf/b/n on input line 106.
))
(/usr/share/texlive/texmf-dist/tex/latex/amscls/amsthm.sty
Package: amsthm 2017/10/31 v2.20.4
\thm@style=\toks26
\thm@bodyfont=\toks27
\thm@headfont=\toks28
\thm@notefont=\toks29
\thm@headpunct=\toks30
\thm@preskip=\skip56
\thm@postskip=\skip57
\thm@headsep=\skip58
\dth@everypar=\toks31
)
(/usr/share/texlive/texmf-dist/tex/latex/hyperref/hyperref.sty
Package: hyperref 2018/02/06 v6.86b Hypertext links for LaTeX

(/usr/share/texlive/texmf-dist/tex/generic/oberdiek/hobsub-hyperref.sty
Package: hobsub-hyperref 2016/05/16 v1.14 Bundle oberdiek, subset hyperref (HO)


(/usr/share/texlive/texmf-dist/tex/generic/oberdiek/hobsub-generic.sty
Package: hobsub-generic 2016/05/16 v1.14 Bundle oberdiek, subset generic (HO)
Package: hobsub 2016/05/16 v1.14 Construct package bundles (HO)
Package hobsub Info: Skipping package `infwarerr' (already loaded).
Package hobsub Info: Skipping package `ltxcmds' (already loaded).
Package hobsub Info: Skipping package `ifluatex' (already loaded).
Package: ifvtex 2016/05/16 v1.6 Detect VTeX and its facilities (HO)
Package ifvtex Info: VTeX not detected.
Package: intcalc 2016/05/16 v1.2 Expandable calculations with integers (HO)
Package hobsub Info: Skipping package `ifpdf' (already loaded).
Package hobsub Info: Skipping package `etexcmds' (already loaded).
Package hobsub Info: Skipping package `kvsetkeys' (already loaded).
Package hobsub Info: Skipping package `kvdefinekeys' (already loaded).
Package hobsub Info: Skipping package `pdftexcmds' (already loaded).
Package: pdfescape 2016/05/16 v1.14 Implements pdfTeX's escape features (HO)
Package: bigintcalc 2016/05/16 v1.4 Expandable calculations on big integers (HO
)
Package: bitset 2016/05/16 v1.2 Handle bit-vector datatype (HO)
Package: uniquecounter 2016/05/16 v1.3 Provide unlimited unique counter (HO)
)
Package hobsub Info: Skipping package `hobsub' (already loaded).
Package: letltxmacro 2016/05/16 v1.5 Let assignment for LaTeX macros (HO)
Package: hopatch 2016/05/16 v1.3 Wrapper for package hooks (HO)
Package: xcolor-patch 2016/05/16 xcolor patch
Package: atveryend 2016/05/16 v1.9 Hooks at the very end of document (HO)
Package atveryend Info: \enddocument detected (standard20110627).
Package: atbegshi 2016/06/09 v1.18 At begin shipout hook (HO)
Package: refcount 2016/05/16 v3.5 Data extraction from label references (HO)
Package: hycolor 2016/05/16 v1.8 Color options for hyperref/bookmark (HO)
)
(/usr/share/texlive/texmf-dist/tex/generic/ifxetex/ifxetex.sty
Package: ifxetex 2010/09/12 v0.6 Provides ifxetex conditional
)
(/usr/share/texlive/texmf-dist/tex/latex/oberdiek/auxhook.sty
Package: auxhook 2016/05/16 v1.4 Hooks for auxiliary files (HO)
)
\@linkdim=\dimen133
\Hy@linkcounter=\count117
\Hy@pagecounter=\count118

(/usr/share/texlive/texmf-dist/tex/latex/hyperref/pd1enc.def
File: pd1enc.def 2018/02/06 v6.86b Hyperref: PDFDocEncoding definition (HO)
)
\Hy@SavedSpaceFactor=\count119

(/usr/share/texlive/texmf-dist/tex/latex/latexconfig/hyperref.cfg
File: hyperref.cfg 2002/06/06 v1.2 hyperref configuration of TeXLive
)
Package hyperref Info: Option `colorlinks' set `true' on input line 4383.
Package hyperref Info: Hyper figures OFF on input line 4509.
Package hyperref Info: Link nesting OFF on input line 4514.
Package hyperref Info: Hyper index ON on input line 4517.
Package hyperref Info: Plain pages OFF on input line 4524.
Package hyperref Info: Backreferencing ON on input line 4527.
Package hyperref Info: Implicit mode ON; LaTeX internals redefined.
Package hyperref Info: Bookmarks ON on input line 4762.

(/usr/share/texlive/texmf-dist/tex/latex/hyperref/backref.sty
Package: backref 2016/05/21 v1.39 Bibliographical back referencing

(/usr/share/texlive/texmf-dist/tex/latex/oberdiek/rerunfilecheck.sty
Package: rerunfilecheck 2016/05/16 v1.8 Rerun checks for auxiliary files (HO)
Package uniquecounter Info: New unique counter `rerunfilecheck' on input line 2
82.
))
\c@Hy@tempcnt=\count120

(/usr/share/texlive/texmf-dist/tex/latex/url/url.sty
\Urlmuskip=\muskip11
Package: url 2013/09/16  ver 3.4  Verb mode for urls, etc.
)
LaTeX Info: Redefining \url on input line 5115.
\XeTeXLinkMargin=\dimen134
\Fld@menulength=\count121
\Field@Width=\dimen135
\Fld@charsize=\dimen136
Package hyperref Info: Hyper figures OFF on input line 6369.
Package hyperref Info: Link nesting OFF on input line 6374.
Package hyperref Info: Hyper index ON on input line 6377.
Package hyperref Info: backreferencing ON on input line 6382.
Package hyperref Info: Link coloring ON on input line 6387.
Package hyperref Info: Link coloring with OCG OFF on input line 6394.
Package hyperref Info: PDF/A mode OFF on input line 6399.
LaTeX Info: Redefining \ref on input line 6439.
LaTeX Info: Redefining \pageref on input line 6443.
\Hy@abspage=\count122
\c@Item=\count123
\c@Hfootnote=\count124
)
Package hyperref Info: Driver (autodetected): hpdftex.

(/usr/share/texlive/texmf-dist/tex/latex/hyperref/hpdftex.def
File: hpdftex.def 2018/02/06 v6.86b Hyperref driver for pdfTeX
\Fld@listcount=\count125
\c@bookmark@seq@number=\count126
\Hy@SectionHShift=\skip59
)
Package hyperref Info: Option `colorlinks' set `false' on input line 64.
 (./pause.sty)
\c@theorem=\count127
\fixbox=\box61
Package color Info: Redefining color black on input line 278.

(./aula03.aux)
\openout1 = `aula03.aux'.

LaTeX Font Info:    Checking defaults for OML/cmm/m/it on input line 287.
LaTeX Font Info:    ... okay on input line 287.
LaTeX Font Info:    Checking defaults for T1/cmr/m/n on input line 287.
LaTeX Font Info:    ... okay on input line 287.
LaTeX Font Info:    Checking defaults for OT1/lcmss/m/n on input line 287.
LaTeX Font Info:    ... okay on input line 287.
LaTeX Font Info:    Checking defaults for OMS/cmsy/m/n on input line 287.
LaTeX Font Info:    ... okay on input line 287.
LaTeX Font Info:    Checking defaults for OMX/cmex/m/n on input line 287.
LaTeX Font Info:    ... okay on input line 287.
LaTeX Font Info:    Checking defaults for U/cmr/m/n on input line 287.
LaTeX Font Info:    ... okay on input line 287.
LaTeX Font Info:    Checking defaults for TS1/cmr/m/n on input line 287.
LaTeX Font Info:    Try loading font information for TS1+cmr on input line 287.

 (/usr/share/texlive/texmf-dist/tex/latex/base/ts1cmr.fd
File: ts1cmr.fd 2014/09/29 v2.5h Standard LaTeX font definitions
)
LaTeX Font Info:    ... okay on input line 287.
LaTeX Font Info:    Checking defaults for PD1/pdf/m/n on input line 287.
LaTeX Font Info:    ... okay on input line 287.

(/usr/share/texlive/texmf-dist/tex/context/base/mkii/supp-pdf.mkii
[Loading MPS to PDF converter (version 2006.09.02).]
\scratchcounter=\count128
\scratchdimen=\dimen137
\scratchbox=\box62
\nofMPsegments=\count129
\nofMParguments=\count130
\everyMPshowfont=\toks32
\MPscratchCnt=\count131
\MPscratchDim=\dimen138
\MPnumerator=\count132
\makeMPintoPDFobject=\count133
\everyMPtoPDFconversion=\toks33
)
\AtBeginShipoutBox=\box63
Package hyperref Info: Link coloring OFF on input line 287.
 (/usr/share/texlive/texmf-dist/tex/latex/hyperref/nameref.sty
Package: nameref 2016/05/21 v2.44 Cross-referencing by name of section

(/usr/share/texlive/texmf-dist/tex/generic/oberdiek/gettitlestring.sty
Package: gettitlestring 2016/05/16 v1.5 Cleanup title references (HO)
)
\c@section@level=\count134
)
LaTeX Info: Redefining \ref on input line 287.
LaTeX Info: Redefining \pageref on input line 287.
LaTeX Info: Redefining \nameref on input line 287.

(./aula03.out) (./aula03.out)
\@outlinefile=\write4
\openout4 = `aula03.out'.

LaTeX Font Info:    Try loading font information for OML+lcmm on input line 306
.

(/usr/share/texlive/texmf-dist/tex/latex/base/omllcmm.fd
File: omllcmm.fd 1998/06/12 v2.2e Standard LaTeX slide font definitions
)
LaTeX Font Info:    Try loading font information for OMS+lcmsy on input line 30
6.

(/usr/share/texlive/texmf-dist/tex/latex/base/omslcmsy.fd
File: omslcmsy.fd 1998/06/12 v2.2e Standard LaTeX slide font definitions
)
LaTeX Font Info:    Try loading font information for OMX+lcmex on input line 30
6.

(/usr/share/texlive/texmf-dist/tex/latex/base/omxlcmex.fd
File: omxlcmex.fd 1998/06/12 v2.2e Standard LaTeX slide font definitions
)
LaTeX Font Info:    External font `cmex10 at17.28pt' loaded for size
(Font)              <19.907> on input line 306.
LaTeX Font Info:    External font `cmex10 at17.28pt' loaded for size
(Font)              <16.59> on input line 306.
LaTeX Font Info:    External font `cmex10 at17.28pt' loaded for size
(Font)              <13.82> on input line 306.
LaTeX Font Info:    Try loading font information for U+msa on input line 306.

(/usr/share/texlive/texmf-dist/tex/latex/amsfonts/umsa.fd
File: umsa.fd 2013/01/14 v3.01 AMS symbols A
)
LaTeX Font Info:    Try loading font information for U+msb on input line 306.

(/usr/share/texlive/texmf-dist/tex/latex/amsfonts/umsb.fd
File: umsb.fd 2013/01/14 v3.01 AMS symbols B
)
LaTeX Font Info:    Try loading font information for T1+lcmtt on input line 308
.

(/usr/share/texlive/texmf-dist/tex/latex/base/t1lcmtt.fd
File: t1lcmtt.fd 1998/06/12 v2.2e Standard LaTeX slide font definitions
)

LaTeX Font Warning: Font shape `T1/lcmss/m/n' in size <17> not available
(Font)              size <16.59> substituted on input line 311.


Overfull \hbox (10.41669pt too wide) has occurred while \output is active
[][] 
 []

Package babel Info: Redefining portuges shorthand "|
(babel)             in language  on input line 311.
Package babel Info: Redefining portuges shorthand "|
(babel)             in language  on input line 311.
[1
Non-PDF special ignored!{/var/lib/texmf/fonts/map/pdftex/updmap/pdftex.map}

]
Overfull \hbox (10.41669pt too wide) has occurred while \output is active
[][] 
 []

Package babel Info: Redefining portuges shorthand "|
(babel)             in language  on input line 318.
Package babel Info: Redefining portuges shorthand "|
(babel)             in language  on input line 318.
[2]
Overfull \hbox (10.41669pt too wide) has occurred while \output is active
[][] 
 []

Package babel Info: Redefining portuges shorthand "|
(babel)             in language  on input line 330.
Package babel Info: Redefining portuges shorthand "|
(babel)             in language  on input line 330.
[3]
Overfull \hbox (10.41669pt too wide) has occurred while \output is active
[][] 
 []

Package babel Info: Redefining portuges shorthand "|
(babel)             in language  on input line 335.
Package babel Info: Redefining portuges shorthand "|
(babel)             in language  on input line 335.
[4]
Overfull \hbox (10.41669pt too wide) has occurred while \output is active
[][] 
 []

Package babel Info: Redefining portuges shorthand "|
(babel)             in language  on input line 340.
Package babel Info: Redefining portuges shorthand "|
(babel)             in language  on input line 340.
[5]
Overfull \hbox (10.41669pt too wide) has occurred while \output is active
[][] 
 []

Package babel Info: Redefining portuges shorthand "|
(babel)             in language  on input line 344.
Package babel Info: Redefining portuges shorthand "|
(babel)             in language  on input line 344.
[6]
Overfull \hbox (10.41669pt too wide) has occurred while \output is active
[][] 
 []

Package babel Info: Redefining portuges shorthand "|
(babel)             in language  on input line 350.
Package babel Info: Redefining portuges shorthand "|
(babel)             in language  on input line 350.
[7]

LaTeX Font Warning: Font shape `T1/lcmss/m/sc' undefined
(Font)              using `T1/lcmss/m/n' instead on input line 356.


LaTeX Font Warning: Font shape `OT1/cmr/m/it' in size <19.907> not available
(Font)              size <20.74> substituted on input line 360.


LaTeX Font Warning: Font shape `OT1/cmr/m/it' in size <16.59> not available
(Font)              size <17.28> substituted on input line 360.


LaTeX Font Warning: Font shape `OT1/cmr/m/it' in size <13.82> not available
(Font)              size <14.4> substituted on input line 360.


Overfull \hbox (10.41669pt too wide) has occurred while \output is active
[][] 
 []

Package babel Info: Redefining portuges shorthand "|
(babel)             in language  on input line 366.
Package babel Info: Redefining portuges shorthand "|
(babel)             in language  on input line 366.
[8]
Overfull \hbox (10.41669pt too wide) has occurred while \output is active
[][] 
 []

Package babel Info: Redefining portuges shorthand "|
(babel)             in language  on input line 383.
Package babel Info: Redefining portuges shorthand "|
(babel)             in language  on input line 383.
[9]
Overfull \hbox (16.6667pt too wide) has occurred while \output is active
[][] 
 []

Package babel Info: Redefining portuges shorthand "|
(babel)             in language  on input line 393.
Package babel Info: Redefining portuges shorthand "|
(babel)             in language  on input line 393.
[10]
Overfull \hbox (16.6667pt too wide) has occurred while \output is active
[][] 
 []

Package babel Info: Redefining portuges shorthand "|
(babel)             in language  on input line 399.
Package babel Info: Redefining portuges shorthand "|
(babel)             in language  on input line 399.
[11]
Overfull \hbox (20.14513pt too wide) in paragraph at lines 407--408
[]\T1/lcmss/bx/n/19.907 Método mes-tre\T1/lcmss/m/sc/19.907 : Para re-cor-rên-c
ias da forma $[]\OML/lcmm/m/it/19.907 T\OT1/lcmss/m/n/19.907 (\OML/lcmm/m/it/19
.907 n\OT1/lcmss/m/n/19.907 ) = \OML/lcmm/m/it/19.907 aT\OT1/lcmss/m/n/19.907 (
\OML/lcmm/m/it/19.907 n=b\OT1/lcmss/m/n/19.907 ) +
 []


Overfull \hbox (16.6667pt too wide) has occurred while \output is active
[][] 
 []

Package babel Info: Redefining portuges shorthand "|
(babel)             in language  on input line 411.
Package babel Info: Redefining portuges shorthand "|
(babel)             in language  on input line 411.
[12]
Overfull \hbox (16.6667pt too wide) has occurred while \output is active
[][] 
 []

Package babel Info: Redefining portuges shorthand "|
(babel)             in language  on input line 417.
Package babel Info: Redefining portuges shorthand "|
(babel)             in language  on input line 417.
[13]
Overfull \hbox (16.6667pt too wide) has occurred while \output is active
[][] 
 []

Package babel Info: Redefining portuges shorthand "|
(babel)             in language  on input line 421.
Package babel Info: Redefining portuges shorthand "|
(babel)             in language  on input line 421.
[14]
Overfull \hbox (16.6667pt too wide) has occurred while \output is active
[][] 
 []

Package babel Info: Redefining portuges shorthand "|
(babel)             in language  on input line 433.
Package babel Info: Redefining portuges shorthand "|
(babel)             in language  on input line 433.
[15]
Overfull \hbox (16.6667pt too wide) has occurred while \output is active
[][] 
 []

Package babel Info: Redefining portuges shorthand "|
(babel)             in language  on input line 443.
Package babel Info: Redefining portuges shorthand "|
(babel)             in language  on input line 443.
[16]
Overfull \hbox (16.6667pt too wide) has occurred while \output is active
[][] 
 []

Package babel Info: Redefining portuges shorthand "|
(babel)             in language  on input line 456.
Package babel Info: Redefining portuges shorthand "|
(babel)             in language  on input line 456.
[17]
Overfull \hbox (16.6667pt too wide) has occurred while \output is active
[][] 
 []

Package babel Info: Redefining portuges shorthand "|
(babel)             in language  on input line 471.
Package babel Info: Redefining portuges shorthand "|
(babel)             in language  on input line 471.
[18]
Overfull \hbox (16.6667pt too wide) has occurred while \output is active
[][] 
 []

Package babel Info: Redefining portuges shorthand "|
(babel)             in language  on input line 487.
Package babel Info: Redefining portuges shorthand "|
(babel)             in language  on input line 487.
[19]
Overfull \hbox (16.6667pt too wide) has occurred while \output is active
[][] 
 []

Package babel Info: Redefining portuges shorthand "|
(babel)             in language  on input line 498.
Package babel Info: Redefining portuges shorthand "|
(babel)             in language  on input line 498.
[20]
Overfull \hbox (16.6667pt too wide) has occurred while \output is active
[][] 
 []

Package babel Info: Redefining portuges shorthand "|
(babel)             in language  on input line 510.
Package babel Info: Redefining portuges shorthand "|
(babel)             in language  on input line 510.
[21]
Overfull \hbox (16.6667pt too wide) has occurred while \output is active
[][] 
 []

Package babel Info: Redefining portuges shorthand "|
(babel)             in language  on input line 523.
Package babel Info: Redefining portuges shorthand "|
(babel)             in language  on input line 523.
[22]
Overfull \hbox (16.6667pt too wide) has occurred while \output is active
[][] 
 []

Package babel Info: Redefining portuges shorthand "|
(babel)             in language  on input line 537.
Package babel Info: Redefining portuges shorthand "|
(babel)             in language  on input line 537.
[23]
Overfull \hbox (16.6667pt too wide) has occurred while \output is active
[][] 
 []

Package babel Info: Redefining portuges shorthand "|
(babel)             in language  on input line 552.
Package babel Info: Redefining portuges shorthand "|
(babel)             in language  on input line 552.
[24]
Overfull \hbox (16.6667pt too wide) has occurred while \output is active
[][] 
 []

Package babel Info: Redefining portuges shorthand "|
(babel)             in language  on input line 569.
Package babel Info: Redefining portuges shorthand "|
(babel)             in language  on input line 569.
[25]
Overfull \hbox (16.6667pt too wide) has occurred while \output is active
[][] 
 []

Package babel Info: Redefining portuges shorthand "|
(babel)             in language  on input line 578.
Package babel Info: Redefining portuges shorthand "|
(babel)             in language  on input line 578.
[26]
Overfull \hbox (16.6667pt too wide) has occurred while \output is active
[][] 
 []

Package babel Info: Redefining portuges shorthand "|
(babel)             in language  on input line 589.
Package babel Info: Redefining portuges shorthand "|
(babel)             in language  on input line 589.
[27]
Overfull \hbox (16.6667pt too wide) has occurred while \output is active
[][] 
 []

Package babel Info: Redefining portuges shorthand "|
(babel)             in language  on input line 602.
Package babel Info: Redefining portuges shorthand "|
(babel)             in language  on input line 602.
[28]
Overfull \hbox (16.6667pt too wide) has occurred while \output is active
[][] 
 []

Package babel Info: Redefining portuges shorthand "|
(babel)             in language  on input line 617.
Package babel Info: Redefining portuges shorthand "|
(babel)             in language  on input line 617.
[29]
Overfull \hbox (16.6667pt too wide) has occurred while \output is active
[][] 
 []

Package babel Info: Redefining portuges shorthand "|
(babel)             in language  on input line 635.
Package babel Info: Redefining portuges shorthand "|
(babel)             in language  on input line 635.
[30]
Overfull \hbox (16.6667pt too wide) has occurred while \output is active
[][] 
 []

Package babel Info: Redefining portuges shorthand "|
(babel)             in language  on input line 655.
Package babel Info: Redefining portuges shorthand "|
(babel)             in language  on input line 655.
[31]
Overfull \hbox (16.6667pt too wide) has occurred while \output is active
[][] 
 []

Package babel Info: Redefining portuges shorthand "|
(babel)             in language  on input line 675.
Package babel Info: Redefining portuges shorthand "|
(babel)             in language  on input line 675.
[32]
Overfull \hbox (16.6667pt too wide) has occurred while \output is active
[][] 
 []

Package babel Info: Redefining portuges shorthand "|
(babel)             in language  on input line 695.
Package babel Info: Redefining portuges shorthand "|
(babel)             in language  on input line 695.
[33]
Overfull \hbox (16.6667pt too wide) has occurred while \output is active
[][] 
 []

Package babel Info: Redefining portuges shorthand "|
(babel)             in language  on input line 701.
Package babel Info: Redefining portuges shorthand "|
(babel)             in language  on input line 701.
[34]
Overfull \hbox (16.6667pt too wide) has occurred while \output is active
[][] 
 []

Package babel Info: Redefining portuges shorthand "|
(babel)             in language  on input line 705.
Package babel Info: Redefining portuges shorthand "|
(babel)             in language  on input line 705.
[35]
Overfull \hbox (16.6667pt too wide) has occurred while \output is active
[][] 
 []

Package babel Info: Redefining portuges shorthand "|
(babel)             in language  on input line 718.
Package babel Info: Redefining portuges shorthand "|
(babel)             in language  on input line 718.
[36]
Overfull \hbox (16.6667pt too wide) has occurred while \output is active
[][] 
 []

Package babel Info: Redefining portuges shorthand "|
(babel)             in language  on input line 725.
Package babel Info: Redefining portuges shorthand "|
(babel)             in language  on input line 725.
[37]
Overfull \hbox (16.6667pt too wide) has occurred while \output is active
[][] 
 []

Package babel Info: Redefining portuges shorthand "|
(babel)             in language  on input line 736.
Package babel Info: Redefining portuges shorthand "|
(babel)             in language  on input line 736.
[38]
Overfull \hbox (16.6667pt too wide) has occurred while \output is active
[][] 
 []

Package babel Info: Redefining portuges shorthand "|
(babel)             in language  on input line 747.
Package babel Info: Redefining portuges shorthand "|
(babel)             in language  on input line 747.
[39]
Package epstopdf Info: Source file: <fig01.eps>
(epstopdf)                    date: 2019-11-14 00:57:35
(epstopdf)                    size: 353439 bytes
(epstopdf)             Output file: <fig01-eps-converted-to.pdf>
(epstopdf)                    date: 2019-11-14 01:00:32
(epstopdf)                    size: 93549 bytes
(epstopdf)             Command: <repstopdf --outfile=fig01-eps-converted-to.pdf
 fig01.eps>
(epstopdf)             \includegraphics on input line 755.
Package epstopdf Info: Output file is already uptodate.


pdfTeX warning: pdflatex (file ./fig01-eps-converted-to.pdf): PDF inclusion: fo
und PDF version <1.7>, but at most version <1.5> allowed
<fig01-eps-converted-to.pdf, id=179, 1852.9225pt x 864.22874pt>
File: fig01-eps-converted-to.pdf Graphic file (type pdf)
<use fig01-eps-converted-to.pdf>
Package pdftex.def Info: fig01-eps-converted-to.pdf  used on input line 755.
(pdftex.def)             Requested size: 793.0008pt x 369.87042pt.

Overfull \hbox (71.86891pt too wide) in paragraph at lines 755--756
[] [] 
 []


Overfull \hbox (16.6667pt too wide) has occurred while \output is active
[][] 
 []

Package babel Info: Redefining portuges shorthand "|
(babel)             in language  on input line 756.
Package babel Info: Redefining portuges shorthand "|
(babel)             in language  on input line 756.
[40 <./fig01-eps-converted-to.pdf>]
Package epstopdf Info: Source file: <fig02.eps>
(epstopdf)                    date: 2019-11-14 07:07:33
(epstopdf)                    size: 652786 bytes
(epstopdf)             Output file: <fig02-eps-converted-to.pdf>
(epstopdf)                    date: 2019-11-14 07:07:53
(epstopdf)                    size: 141111 bytes
(epstopdf)             Command: <repstopdf --outfile=fig02-eps-converted-to.pdf
 fig02.eps>
(epstopdf)             \includegraphics on input line 760.
Package epstopdf Info: Output file is already uptodate.


pdfTeX warning: pdflatex (file ./fig02-eps-converted-to.pdf): PDF inclusion: fo
und PDF version <1.7>, but at most version <1.5> allowed
<fig02-eps-converted-to.pdf, id=187, 1652.1725pt x 894.34125pt>
File: fig02-eps-converted-to.pdf Graphic file (type pdf)
<use fig02-eps-converted-to.pdf>
Package pdftex.def Info: fig02-eps-converted-to.pdf  used on input line 760.
(pdftex.def)             Requested size: 650.0pt x 351.86215pt.

Overfull \hbox (16.6667pt too wide) has occurred while \output is active
[][] 
 []

Package babel Info: Redefining portuges shorthand "|
(babel)             in language  on input line 763.
Package babel Info: Redefining portuges shorthand "|
(babel)             in language  on input line 763.
[41 <./fig02-eps-converted-to.pdf>]
Package epstopdf Info: Source file: <fig02.eps>
(epstopdf)                    date: 2019-11-14 07:07:33
(epstopdf)                    size: 652786 bytes
(epstopdf)             Output file: <fig02-eps-converted-to.pdf>
(epstopdf)                    date: 2019-11-14 07:07:53
(epstopdf)                    size: 141111 bytes
(epstopdf)             Command: <repstopdf --outfile=fig02-eps-converted-to.pdf
 fig02.eps>
(epstopdf)             \includegraphics on input line 766.
Package epstopdf Info: Output file is already uptodate.
File: fig02-eps-converted-to.pdf Graphic file (type pdf)
<use fig02-eps-converted-to.pdf>
Package pdftex.def Info: fig02-eps-converted-to.pdf  used on input line 766.
(pdftex.def)             Requested size: 650.0pt x 351.86215pt.

Overfull \hbox (16.6667pt too wide) has occurred while \output is active
[][] 
 []

Package babel Info: Redefining portuges shorthand "|
(babel)             in language  on input line 769.
Package babel Info: Redefining portuges shorthand "|
(babel)             in language  on input line 769.
[42]
Package epstopdf Info: Source file: <fig02.eps>
(epstopdf)                    date: 2019-11-14 07:07:33
(epstopdf)                    size: 652786 bytes
(epstopdf)             Output file: <fig02-eps-converted-to.pdf>
(epstopdf)                    date: 2019-11-14 07:07:53
(epstopdf)                    size: 141111 bytes
(epstopdf)             Command: <repstopdf --outfile=fig02-eps-converted-to.pdf
 fig02.eps>
(epstopdf)             \includegraphics on input line 772.
Package epstopdf Info: Output file is already uptodate.
File: fig02-eps-converted-to.pdf Graphic file (type pdf)
<use fig02-eps-converted-to.pdf>
Package pdftex.def Info: fig02-eps-converted-to.pdf  used on input line 772.
(pdftex.def)             Requested size: 650.0pt x 351.86215pt.

Overfull \vbox (3.8389pt too high) has occurred while \output is active []


Overfull \hbox (16.6667pt too wide) has occurred while \output is active
[][] 
 []

Package babel Info: Redefining portuges shorthand "|
(babel)             in language  on input line 775.
Package babel Info: Redefining portuges shorthand "|
(babel)             in language  on input line 775.
[43]
Package epstopdf Info: Source file: <fig02.eps>
(epstopdf)                    date: 2019-11-14 07:07:33
(epstopdf)                    size: 652786 bytes
(epstopdf)             Output file: <fig02-eps-converted-to.pdf>
(epstopdf)                    date: 2019-11-14 07:07:53
(epstopdf)                    size: 141111 bytes
(epstopdf)             Command: <repstopdf --outfile=fig02-eps-converted-to.pdf
 fig02.eps>
(epstopdf)             \includegraphics on input line 778.
Package epstopdf Info: Output file is already uptodate.
File: fig02-eps-converted-to.pdf Graphic file (type pdf)
<use fig02-eps-converted-to.pdf>
Package pdftex.def Info: fig02-eps-converted-to.pdf  used on input line 778.
(pdftex.def)             Requested size: 650.0pt x 351.86215pt.

Overfull \hbox (16.6667pt too wide) has occurred while \output is active
[][] 
 []

Package babel Info: Redefining portuges shorthand "|
(babel)             in language  on input line 781.
Package babel Info: Redefining portuges shorthand "|
(babel)             in language  on input line 781.
[44]
Overfull \hbox (55.71275pt too wide) in paragraph at lines 793--797
[]$[][]$[] 
 []


Overfull \hbox (16.6667pt too wide) has occurred while \output is active
[][] 
 []

Package babel Info: Redefining portuges shorthand "|
(babel)             in language  on input line 798.
Package babel Info: Redefining portuges shorthand "|
(babel)             in language  on input line 798.
[45]
Overfull \hbox (55.71275pt too wide) in paragraph at lines 810--815
[]$[][]$[] 
 []


Overfull \hbox (16.6667pt too wide) has occurred while \output is active
[][] 
 []

Package babel Info: Redefining portuges shorthand "|
(babel)             in language  on input line 816.
Package babel Info: Redefining portuges shorthand "|
(babel)             in language  on input line 816.
[46]
Overfull \hbox (55.71275pt too wide) in paragraph at lines 828--835
[]$[][]$[] 
 []


Overfull \hbox (16.6667pt too wide) has occurred while \output is active
[][] 
 []

Package babel Info: Redefining portuges shorthand "|
(babel)             in language  on input line 835.
Package babel Info: Redefining portuges shorthand "|
(babel)             in language  on input line 835.
[47]
Overfull \hbox (16.6667pt too wide) has occurred while \output is active
[][] 
 []

Package babel Info: Redefining portuges shorthand "|
(babel)             in language  on input line 846.
Package babel Info: Redefining portuges shorthand "|
(babel)             in language  on input line 846.
[48]
Overfull \hbox (55.71275pt too wide) in paragraph at lines 858--867
[]$[][]$[] 
 []


Overfull \hbox (16.6667pt too wide) has occurred while \output is active
[][] 
 []

Package babel Info: Redefining portuges shorthand "|
(babel)             in language  on input line 867.
Package babel Info: Redefining portuges shorthand "|
(babel)             in language  on input line 867.
[49]
Overfull \hbox (55.71275pt too wide) in paragraph at lines 879--888
[]$[][]$[] 
 []


Overfull \hbox (16.6667pt too wide) has occurred while \output is active
[][] 
 []

Package babel Info: Redefining portuges shorthand "|
(babel)             in language  on input line 888.
Package babel Info: Redefining portuges shorthand "|
(babel)             in language  on input line 888.
[50]
Overfull \hbox (16.6667pt too wide) has occurred while \output is active
[][] 
 []

Package babel Info: Redefining portuges shorthand "|
(babel)             in language  on input line 904.
Package babel Info: Redefining portuges shorthand "|
(babel)             in language  on input line 904.
[51]
Overfull \hbox (16.6667pt too wide) has occurred while \output is active
[][] 
 []

Package babel Info: Redefining portuges shorthand "|
(babel)             in language  on input line 916.
Package babel Info: Redefining portuges shorthand "|
(babel)             in language  on input line 916.
[52]
Overfull \hbox (16.6667pt too wide) has occurred while \output is active
[][] 
 []

Package babel Info: Redefining portuges shorthand "|
(babel)             in language  on input line 929.
Package babel Info: Redefining portuges shorthand "|
(babel)             in language  on input line 929.
[53]
Overfull \hbox (16.6667pt too wide) has occurred while \output is active
[][] 
 []

Package babel Info: Redefining portuges shorthand "|
(babel)             in language  on input line 943.
Package babel Info: Redefining portuges shorthand "|
(babel)             in language  on input line 943.
[54]
Overfull \hbox (16.6667pt too wide) has occurred while \output is active
[][] 
 []

Package babel Info: Redefining portuges shorthand "|
(babel)             in language  on input line 958.
Package babel Info: Redefining portuges shorthand "|
(babel)             in language  on input line 958.
[55]
Overfull \hbox (16.6667pt too wide) has occurred while \output is active
[][] 
 []

Package babel Info: Redefining portuges shorthand "|
(babel)             in language  on input line 974.
Package babel Info: Redefining portuges shorthand "|
(babel)             in language  on input line 974.
[56]
Overfull \hbox (16.6667pt too wide) has occurred while \output is active
[][] 
 []

Package babel Info: Redefining portuges shorthand "|
(babel)             in language  on input line 991.
Package babel Info: Redefining portuges shorthand "|
(babel)             in language  on input line 991.
[57]
Overfull \hbox (16.6667pt too wide) has occurred while \output is active
[][] 
 []

Package babel Info: Redefining portuges shorthand "|
(babel)             in language  on input line 995.
Package babel Info: Redefining portuges shorthand "|
(babel)             in language  on input line 995.
[58]
Overfull \hbox (16.6667pt too wide) has occurred while \output is active
[][] 
 []

Package babel Info: Redefining portuges shorthand "|
(babel)             in language  on input line 1003.
Package babel Info: Redefining portuges shorthand "|
(babel)             in language  on input line 1003.
[59]
Overfull \hbox (16.6667pt too wide) has occurred while \output is active
[][] 
 []

Package babel Info: Redefining portuges shorthand "|
(babel)             in language  on input line 1012.
Package babel Info: Redefining portuges shorthand "|
(babel)             in language  on input line 1012.
[60]
Overfull \hbox (16.6667pt too wide) has occurred while \output is active
[][] 
 []

Package babel Info: Redefining portuges shorthand "|
(babel)             in language  on input line 1020.
Package babel Info: Redefining portuges shorthand "|
(babel)             in language  on input line 1020.
[61]
Overfull \hbox (16.6667pt too wide) has occurred while \output is active
[][] 
 []

Package babel Info: Redefining portuges shorthand "|
(babel)             in language  on input line 1032.
Package babel Info: Redefining portuges shorthand "|
(babel)             in language  on input line 1032.
[62]
Overfull \hbox (16.6667pt too wide) has occurred while \output is active
[][] 
 []

Package babel Info: Redefining portuges shorthand "|
(babel)             in language  on input line 1040.
Package babel Info: Redefining portuges shorthand "|
(babel)             in language  on input line 1040.
[63]
Overfull \hbox (16.6667pt too wide) has occurred while \output is active
[][] 
 []

Package babel Info: Redefining portuges shorthand "|
(babel)             in language  on input line 1050.
Package babel Info: Redefining portuges shorthand "|
(babel)             in language  on input line 1050.
[64]
Overfull \hbox (16.6667pt too wide) has occurred while \output is active
[][] 
 []

Package babel Info: Redefining portuges shorthand "|
(babel)             in language  on input line 1063.
Package babel Info: Redefining portuges shorthand "|
(babel)             in language  on input line 1063.
[65]
Overfull \hbox (16.6667pt too wide) has occurred while \output is active
[][] 
 []

Package babel Info: Redefining portuges shorthand "|
(babel)             in language  on input line 1078.
Package babel Info: Redefining portuges shorthand "|
(babel)             in language  on input line 1078.
[66]
Overfull \hbox (16.6667pt too wide) has occurred while \output is active
[][] 
 []

Package babel Info: Redefining portuges shorthand "|
(babel)             in language  on input line 1095.
Package babel Info: Redefining portuges shorthand "|
(babel)             in language  on input line 1095.
[67]
Overfull \hbox (16.6667pt too wide) has occurred while \output is active
[][] 
 []

Package babel Info: Redefining portuges shorthand "|
(babel)             in language  on input line 1113.
Package babel Info: Redefining portuges shorthand "|
(babel)             in language  on input line 1113.
[68]
Overfull \hbox (16.6667pt too wide) has occurred while \output is active
[][] 
 []

Package babel Info: Redefining portuges shorthand "|
(babel)             in language  on input line 1118.
Package babel Info: Redefining portuges shorthand "|
(babel)             in language  on input line 1118.
[69]
Overfull \hbox (16.6667pt too wide) has occurred while \output is active
[][] 
 []

Package babel Info: Redefining portuges shorthand "|
(babel)             in language  on input line 1126.
Package babel Info: Redefining portuges shorthand "|
(babel)             in language  on input line 1126.
[70]
Overfull \hbox (16.6667pt too wide) has occurred while \output is active
[][] 
 []

Package babel Info: Redefining portuges shorthand "|
(babel)             in language  on input line 1136.
Package babel Info: Redefining portuges shorthand "|
(babel)             in language  on input line 1136.
[71]
Overfull \hbox (16.6667pt too wide) has occurred while \output is active
[][] 
 []

Package babel Info: Redefining portuges shorthand "|
(babel)             in language  on input line 1148.
Package babel Info: Redefining portuges shorthand "|
(babel)             in language  on input line 1148.
[72]
Overfull \hbox (16.6667pt too wide) has occurred while \output is active
[][] 
 []

Package babel Info: Redefining portuges shorthand "|
(babel)             in language  on input line 1162.
Package babel Info: Redefining portuges shorthand "|
(babel)             in language  on input line 1162.
[73]
Overfull \hbox (16.6667pt too wide) has occurred while \output is active
[][] 
 []

Package babel Info: Redefining portuges shorthand "|
(babel)             in language  on input line 1177.
Package babel Info: Redefining portuges shorthand "|
(babel)             in language  on input line 1177.
[74]
Overfull \hbox (16.6667pt too wide) has occurred while \output is active
[][] 
 []

Package babel Info: Redefining portuges shorthand "|
(babel)             in language  on input line 1183.
Package babel Info: Redefining portuges shorthand "|
(babel)             in language  on input line 1183.
[75]
Overfull \hbox (16.6667pt too wide) has occurred while \output is active
[][] 
 []

Package babel Info: Redefining portuges shorthand "|
(babel)             in language  on input line 1191.
Package babel Info: Redefining portuges shorthand "|
(babel)             in language  on input line 1191.
[76]
Overfull \hbox (16.6667pt too wide) has occurred while \output is active
[][] 
 []

Package babel Info: Redefining portuges shorthand "|
(babel)             in language  on input line 1203.
Package babel Info: Redefining portuges shorthand "|
(babel)             in language  on input line 1203.
[77]
Overfull \hbox (16.6667pt too wide) has occurred while \output is active
[][] 
 []

Package babel Info: Redefining portuges shorthand "|
(babel)             in language  on input line 1216.
Package babel Info: Redefining portuges shorthand "|
(babel)             in language  on input line 1216.
[78]
Overfull \hbox (16.6667pt too wide) has occurred while \output is active
[][] 
 []

Package babel Info: Redefining portuges shorthand "|
(babel)             in language  on input line 1224.
Package babel Info: Redefining portuges shorthand "|
(babel)             in language  on input line 1224.
[79]
Overfull \hbox (16.6667pt too wide) has occurred while \output is active
[][] 
 []

Package babel Info: Redefining portuges shorthand "|
(babel)             in language  on input line 1237.
Package babel Info: Redefining portuges shorthand "|
(babel)             in language  on input line 1237.
[80]
Overfull \hbox (16.6667pt too wide) has occurred while \output is active
[][] 
 []

Package babel Info: Redefining portuges shorthand "|
(babel)             in language  on input line 1253.
Package babel Info: Redefining portuges shorthand "|
(babel)             in language  on input line 1253.
[81]
Overfull \hbox (16.6667pt too wide) has occurred while \output is active
[][] 
 []

Package babel Info: Redefining portuges shorthand "|
(babel)             in language  on input line 1268.
Package babel Info: Redefining portuges shorthand "|
(babel)             in language  on input line 1268.
[82]
Overfull \hbox (16.6667pt too wide) has occurred while \output is active
[][] 
 []

Package babel Info: Redefining portuges shorthand "|
(babel)             in language  on input line 1284.
Package babel Info: Redefining portuges shorthand "|
(babel)             in language  on input line 1284.
[83]
Overfull \hbox (16.6667pt too wide) has occurred while \output is active
[][] 
 []

Package babel Info: Redefining portuges shorthand "|
(babel)             in language  on input line 1302.
Package babel Info: Redefining portuges shorthand "|
(babel)             in language  on input line 1302.
[84]
Overfull \hbox (16.6667pt too wide) has occurred while \output is active
[][] 
 []

Package babel Info: Redefining portuges shorthand "|
(babel)             in language  on input line 1322.
Package babel Info: Redefining portuges shorthand "|
(babel)             in language  on input line 1322.
[85]
Overfull \hbox (16.6667pt too wide) has occurred while \output is active
[][] 
 []

Package babel Info: Redefining portuges shorthand "|
(babel)             in language  on input line 1345.
Package babel Info: Redefining portuges shorthand "|
(babel)             in language  on input line 1345.
[86]
Overfull \hbox (16.6667pt too wide) has occurred while \output is active
[][] 
 []

Package babel Info: Redefining portuges shorthand "|
(babel)             in language  on input line 1352.
Package babel Info: Redefining portuges shorthand "|
(babel)             in language  on input line 1352.
[87]
Overfull \hbox (16.6667pt too wide) has occurred while \output is active
[][] 
 []

Package babel Info: Redefining portuges shorthand "|
(babel)             in language  on input line 1356.
Package babel Info: Redefining portuges shorthand "|
(babel)             in language  on input line 1356.
[88]
0 minutes
Package atveryend Info: Empty hook `BeforeClearDocument' on input line 1358.
Package atveryend Info: Empty hook `AfterLastShipout' on input line 1358.
(./aula03.aux)
Package atveryend Info: Executing hook `AtVeryEndDocument' on input line 1358.
Package atveryend Info: Executing hook `AtEndAfterFileList' on input line 1358.

Package rerunfilecheck Info: File `aula03.out' has not changed.
(rerunfilecheck)             Checksum: D41D8CD98F00B204E9800998ECF8427E;0.


LaTeX Font Warning: Size substitutions with differences
(Font)              up to 0.83301pt have occurred.


LaTeX Font Warning: Some font shapes were not available, defaults substituted.

Package atveryend Info: Empty hook `AtVeryVeryEnd' on input line 1358.
 ) 
Here is how much of TeX's memory you used:
 8348 strings out of 492982
 119215 string characters out of 6134897
 209301 words of memory out of 5000000
 11648 multiletter control sequences out of 15000+600000
 14912 words of font info for 44 fonts, out of 8000000 for 9000
 1141 hyphenation exceptions out of 8191
 42i,10n,26p,319b,378s stack positions out of 5000i,500n,10000p,200000b,80000s
{/usr/share/texmf/fonts/enc/dvips/cm-super/cm-super-t1.enc}</usr/share/texliv
e/texmf-dist/fonts/type1/public/amsfonts/cm/cmex10.pfb></usr/share/texlive/texm
f-dist/fonts/type1/public/amsfonts/cm/cmmi8.pfb></usr/share/texlive/texmf-dist/
fonts/type1/public/amsfonts/cm/cmsy8.pfb></usr/share/texlive/texmf-dist/fonts/t
ype1/public/amsfonts/cm/cmti12.pfb></usr/share/texlive/texmf-dist/fonts/type1/p
ublic/amsfonts/latxfont/lcmss8.pfb></usr/share/texlive/texmf-dist/fonts/type1/p
ublic/amsfonts/symbols/msam10.pfb></usr/share/texmf/fonts/type1/public/cm-super
/sflb8.pfb></usr/share/texmf/fonts/type1/public/cm-super/sfli8.pfb></usr/share/
texmf/fonts/type1/public/cm-super/sflq8.pfb></usr/share/texmf/fonts/type1/publi
c/cm-super/sfltt8.pfb>
Output written on aula03.pdf (88 pages, 447179 bytes).
PDF statistics:
 452 PDF objects out of 1000 (max. 8388607)
 344 compressed objects within 4 object streams
 91 named destinations out of 1000 (max. 500000)
 11 words of extra memory for PDF output out of 10000 (max. 10000000)

